2026-02-23 09:05:17.449: [INFO] VisibilityChanged: 0
2026-02-23 09:05:17.586: [INFO] RecordSyncInitDuration has_sync_been_enabled: 0 state: 0
2026-02-23 09:05:17.587: [INFO] RecordSyncInitDuration has_sync_been_enabled: 0 state: 0
2026-02-23 09:05:17.587: [INFO] RecordSyncInitDuration has_sync_been_enabled: 0 state: 0
2026-02-23 09:05:17.588: [INFO] RecordSyncInitDuration has_sync_been_enabled: 0 state: 0
2026-02-23 09:05:17.588: [INFO] RecordSyncInitDuration has_sync_been_enabled: 0 state: 0
2026-02-23 09:05:17.589: [INFO] RecordSyncInitDuration has_sync_been_enabled: 0 state: 0
2026-02-23 09:05:17.589: [INFO] RecordSyncInitDuration has_sync_been_enabled: 0 state: 0
2026-02-23 09:05:17.590: [INFO] RecordSyncInitDuration has_sync_been_enabled: 0 state: 0
2026-02-23 09:05:17.590: [INFO] RecordSyncInitDuration has_sync_been_enabled: 0 state: 0
2026-02-23 09:05:17.590: [INFO] RecordSyncInitDuration has_sync_been_enabled: 0 state: 0
2026-02-23 09:05:17.591: [INFO] RecordSyncInitDuration has_sync_been_enabled: 0 state: 0
2026-02-23 09:05:17.591: [INFO] RecordSyncInitDuration has_sync_been_enabled: 0 state: 0
2026-02-23 09:05:17.598: [INFO] BookmarkNodeAdded, ABU: 0
2026-02-23 09:05:17.598: [INFO] BookmarkNodeAdded, ABU: 0
2026-02-23 09:05:17.598: [INFO] BookmarkModelLoaded, ids_reassigned: 0
2026-02-23 09:05:17.599: [INFO] OnDoneLoading sync enabled: 0
2026-02-23 09:05:17.636: [INFO] RecordSyncInitDuration has_sync_been_enabled: 0 state: 0
2026-02-23 09:05:52.972: [INFO] RecordSyncInitDuration has_sync_been_enabled: 0 state: 3
2026-02-23 09:05:52.973: [INFO] Primary account changed.
2026-02-23 09:05:52.973: [INFO] OnPrimaryAccountChanged PrimaryAccountChangeEvent::Type::kSet
2026-02-23 09:05:52.975: [INFO] RecordSyncInitDuration has_sync_been_enabled: 0 state: 3
2026-02-23 09:05:52.981: [INFO] RecordSyncInitDuration has_sync_been_enabled: 0 state: 3
2026-02-23 09:06:16.306: [INFO] BookmarkNodeAdded, ABU: 0
2026-02-23 09:06:16.307: [INFO] BookmarkNodeAdded, ABU: 0
2026-02-23 09:06:16.308: [INFO] BookmarkNodeAdded, ABU: 0
2026-02-23 09:06:16.308: [INFO] BookmarkNodeAdded, ABU: 0
2026-02-23 09:06:16.309: [INFO] BookmarkNodeAdded, ABU: 0
2026-02-23 09:06:16.309: [INFO] BookmarkNodeAdded, ABU: 0
2026-02-23 09:06:16.310: [INFO] BookmarkNodeAdded, ABU: 0
2026-02-23 09:06:16.311: [INFO] BookmarkNodeAdded, ABU: 0
2026-02-23 09:06:16.311: [INFO] BookmarkNodeAdded, ABU: 0
2026-02-23 09:06:16.312: [INFO] BookmarkNodeAdded, ABU: 0
2026-02-23 09:06:16.312: [INFO] BookmarkNodeAdded, ABU: 0
2026-02-23 09:06:16.313: [INFO] BookmarkNodeAdded, ABU: 0
2026-02-23 09:06:16.313: [INFO] BookmarkNodeAdded, ABU: 0
2026-02-23 09:06:16.314: [INFO] BookmarkNodeAdded, ABU: 0
2026-02-23 09:06:16.314: [INFO] BookmarkNodeAdded, ABU: 0
2026-02-23 09:06:16.315: [INFO] BookmarkNodeAdded, ABU: 0
2026-02-23 09:06:16.315: [INFO] BookmarkNodeAdded, ABU: 0
2026-02-23 09:06:16.316: [INFO] BookmarkNodeAdded, ABU: 0
2026-02-23 09:06:16.317: [INFO] BookmarkNodeAdded, ABU: 0
2026-02-23 09:06:29.161: [INFO] Sync initialization duration: 36115ms
2026-02-23 09:27:44.048: [INFO] VisibilityChanged: 1
2026-02-23 09:27:55.016: [INFO] VisibilityChanged: 0
2026-02-23 10:48:43.190: [INFO] VisibilityChanged: 1
2026-02-23 10:50:04.320: [INFO] VisibilityChanged: 0
