{"logTime": "0223/090655", "correlationVector":"POjNOU4VKIC2n/m0DckygG.2","action":"ProcessGetUpdates", "result":"Done", "context":{"dataType":"History", "deleted":"0", "process_failed_to_decrypt":"0", "process_pending_decryption":"0", "process_success":"250", "total":"250"}}
{"logTime": "0223/090655", "correlationVector":"POjNOU4VKIC2n/m0DckygG.3","action":"GetUpdates Response", "result":"Success", "context":Received 250 update(s). cV=POjNOU4VKIC2n/m0DckygG.0;server=akswtt111000008;cloudType=Consumer;environment=Prod_southeastasia_prod-s01-064-apac-southeastasia;migrationStage=NotStarted Some updates remain.}
{"logTime": "0223/090655", "correlationVector":"tPSONf3xfNMRQq1Z58JS3z","action":"Initial GetUpdates", "result":"", "context":Reason: NEW_CLIENT. cV=tPSONf3xfNMRQq1Z58JS3z}
{"logTime": "0223/090657", "correlationVector":"tPSONf3xfNMRQq1Z58JS3z.1","action":"SyncServerConnectionManagerRequest", "result":"SYNC_SERVER_OK", "context":{"environment":"Prod_southeastasia_prod-s01-064-apac-southeastasia", "migrationStage":"NotStarted", "server":"akswtt111000008"}}
{"logTime": "0223/090657", "correlationVector":"tPSONf3xfNMRQq1Z58JS3z.2","action":"ProcessGetUpdates", "result":"Done", "context":{"dataType":"History", "deleted":"0", "process_failed_to_decrypt":"0", "process_pending_decryption":"0", "process_success":"250", "total":"250"}}
{"logTime": "0223/090657", "correlationVector":"tPSONf3xfNMRQq1Z58JS3z.3","action":"GetUpdates Response", "result":"Success", "context":Received 250 update(s). cV=tPSONf3xfNMRQq1Z58JS3z.0;server=akswtt111000008;cloudType=Consumer;environment=Prod_southeastasia_prod-s01-064-apac-southeastasia;migrationStage=NotStarted Some updates remain.}
{"logTime": "0223/090657", "correlationVector":"K/NH5wEr3p4b5P3jTT6sFc","action":"Initial GetUpdates", "result":"", "context":Reason: NEW_CLIENT. cV=K/NH5wEr3p4b5P3jTT6sFc}
{"logTime": "0223/090659", "correlationVector":"K/NH5wEr3p4b5P3jTT6sFc.1","action":"SyncServerConnectionManagerRequest", "result":"SYNC_SERVER_OK", "context":{"environment":"Prod_southeastasia_prod-s01-064-apac-southeastasia", "migrationStage":"NotStarted", "server":"akswtt111000017"}}
{"logTime": "0223/090659", "correlationVector":"K/NH5wEr3p4b5P3jTT6sFc.2","action":"ProcessGetUpdates", "result":"Done", "context":{"dataType":"History", "deleted":"0", "process_failed_to_decrypt":"0", "process_pending_decryption":"0", "process_success":"250", "total":"250"}}
{"logTime": "0223/090659", "correlationVector":"K/NH5wEr3p4b5P3jTT6sFc.3","action":"GetUpdates Response", "result":"Success", "context":Received 250 update(s). cV=K/NH5wEr3p4b5P3jTT6sFc.0;server=akswtt111000017;cloudType=Consumer;environment=Prod_southeastasia_prod-s01-064-apac-southeastasia;migrationStage=NotStarted Some updates remain.}
{"logTime": "0223/090659", "correlationVector":"i1Co+cq+Pm5VOK0rQbPNxH","action":"Initial GetUpdates", "result":"", "context":Reason: NEW_CLIENT. cV=i1Co+cq+Pm5VOK0rQbPNxH}
{"logTime": "0223/090701", "correlationVector":"i1Co+cq+Pm5VOK0rQbPNxH.1","action":"SyncServerConnectionManagerRequest", "result":"SYNC_SERVER_OK", "context":{"environment":"Prod_southeastasia_prod-s01-064-apac-southeastasia", "migrationStage":"NotStarted", "server":"akswtt11100000d"}}
{"logTime": "0223/090701", "correlationVector":"i1Co+cq+Pm5VOK0rQbPNxH.2","action":"ProcessGetUpdates", "result":"Done", "context":{"dataType":"History", "deleted":"0", "process_failed_to_decrypt":"0", "process_pending_decryption":"0", "process_success":"250", "total":"250"}}
{"logTime": "0223/090701", "correlationVector":"i1Co+cq+Pm5VOK0rQbPNxH.3","action":"GetUpdates Response", "result":"Success", "context":Received 250 update(s). cV=i1Co+cq+Pm5VOK0rQbPNxH.0;server=akswtt11100000d;cloudType=Consumer;environment=Prod_southeastasia_prod-s01-064-apac-southeastasia;migrationStage=NotStarted Some updates remain.}
{"logTime": "0223/090701", "correlationVector":"xFvbCUdXl2HNIakqvSSQ3f","action":"Initial GetUpdates", "result":"", "context":Reason: NEW_CLIENT. cV=xFvbCUdXl2HNIakqvSSQ3f}
{"logTime": "0223/090703", "correlationVector":"xFvbCUdXl2HNIakqvSSQ3f.1","action":"SyncServerConnectionManagerRequest", "result":"SYNC_SERVER_OK", "context":{"environment":"Prod_southeastasia_prod-s01-064-apac-southeastasia", "migrationStage":"NotStarted", "server":"akswtt111000008"}}
{"logTime": "0223/090703", "correlationVector":"xFvbCUdXl2HNIakqvSSQ3f.2","action":"ProcessGetUpdates", "result":"Done", "context":{"dataType":"History", "deleted":"0", "process_failed_to_decrypt":"0", "process_pending_decryption":"0", "process_success":"250", "total":"250"}}
{"logTime": "0223/090703", "correlationVector":"xFvbCUdXl2HNIakqvSSQ3f.3","action":"GetUpdates Response", "result":"Success", "context":Received 250 update(s). cV=xFvbCUdXl2HNIakqvSSQ3f.0;server=akswtt111000008;cloudType=Consumer;environment=Prod_southeastasia_prod-s01-064-apac-southeastasia;migrationStage=NotStarted Some updates remain.}
{"logTime": "0223/090703", "correlationVector":"J9GrnOICHHDsrhQdT7HORg","action":"Initial GetUpdates", "result":"", "context":Reason: NEW_CLIENT. cV=J9GrnOICHHDsrhQdT7HORg}
{"logTime": "0223/090706", "correlationVector":"J9GrnOICHHDsrhQdT7HORg.1","action":"SyncServerConnectionManagerRequest", "result":"SYNC_SERVER_OK", "context":{"environment":"Prod_southeastasia_prod-s01-064-apac-southeastasia", "migrationStage":"NotStarted", "server":"akswtt111000004"}}
{"logTime": "0223/090706", "correlationVector":"J9GrnOICHHDsrhQdT7HORg.2","action":"ProcessGetUpdates", "result":"Done", "context":{"dataType":"History", "deleted":"0", "process_failed_to_decrypt":"0", "process_pending_decryption":"0", "process_success":"250", "total":"250"}}
{"logTime": "0223/090706", "correlationVector":"J9GrnOICHHDsrhQdT7HORg.3","action":"GetUpdates Response", "result":"Success", "context":Received 250 update(s). cV=J9GrnOICHHDsrhQdT7HORg.0;server=akswtt111000004;cloudType=Consumer;environment=Prod_southeastasia_prod-s01-064-apac-southeastasia;migrationStage=NotStarted Some updates remain.}
{"logTime": "0223/090706", "correlationVector":"TsML0E6VojlfeneFxOSksF","action":"Initial GetUpdates", "result":"", "context":Reason: NEW_CLIENT. cV=TsML0E6VojlfeneFxOSksF}
{"logTime": "0223/090711", "correlationVector":"TsML0E6VojlfeneFxOSksF.1","action":"SyncServerConnectionManagerRequest", "result":"SYNC_SERVER_OK", "context":{"environment":"Prod_southeastasia_prod-s01-064-apac-southeastasia", "migrationStage":"NotStarted", "server":"akswtt11100001b"}}
{"logTime": "0223/090711", "correlationVector":"TsML0E6VojlfeneFxOSksF.2","action":"ProcessGetUpdates", "result":"Done", "context":{"dataType":"History", "deleted":"0", "process_failed_to_decrypt":"0", "process_pending_decryption":"0", "process_success":"250", "total":"250"}}
{"logTime": "0223/090711", "correlationVector":"TsML0E6VojlfeneFxOSksF.3","action":"GetUpdates Response", "result":"Success", "context":Received 250 update(s). cV=TsML0E6VojlfeneFxOSksF.0;server=akswtt11100001b;cloudType=Consumer;environment=Prod_southeastasia_prod-s01-064-apac-southeastasia;migrationStage=NotStarted Some updates remain.}
{"logTime": "0223/090711", "correlationVector":"HZbtt7vuah4whcluSdzn5x","action":"Initial GetUpdates", "result":"", "context":Reason: NEW_CLIENT. cV=HZbtt7vuah4whcluSdzn5x}
{"logTime": "0223/090713", "correlationVector":"HZbtt7vuah4whcluSdzn5x.1","action":"SyncServerConnectionManagerRequest", "result":"SYNC_SERVER_OK", "context":{"environment":"Prod_southeastasia_prod-s01-064-apac-southeastasia", "migrationStage":"NotStarted", "server":"akswtt111000005"}}
{"logTime": "0223/090713", "correlationVector":"HZbtt7vuah4whcluSdzn5x.2","action":"ProcessGetUpdates", "result":"Done", "context":{"dataType":"History", "deleted":"0", "process_failed_to_decrypt":"0", "process_pending_decryption":"0", "process_success":"250", "total":"250"}}
{"logTime": "0223/090713", "correlationVector":"HZbtt7vuah4whcluSdzn5x.3","action":"GetUpdates Response", "result":"Success", "context":Received 250 update(s). cV=HZbtt7vuah4whcluSdzn5x.0;server=akswtt111000005;cloudType=Consumer;environment=Prod_southeastasia_prod-s01-064-apac-southeastasia;migrationStage=NotStarted Some updates remain.}
{"logTime": "0223/090713", "correlationVector":"4pcl+BukiIZ0T4wgGai9YX","action":"Initial GetUpdates", "result":"", "context":Reason: NEW_CLIENT. cV=4pcl+BukiIZ0T4wgGai9YX}
{"logTime": "0223/090714", "correlationVector":"4pcl+BukiIZ0T4wgGai9YX.1","action":"SyncServerConnectionManagerRequest", "result":"SYNC_SERVER_OK", "context":{"environment":"Prod_southeastasia_prod-s01-064-apac-southeastasia", "migrationStage":"NotStarted", "server":"akswtt11100000e"}}
{"logTime": "0223/090714", "correlationVector":"4pcl+BukiIZ0T4wgGai9YX.2","action":"ProcessGetUpdates", "result":"Done", "context":{"dataType":"History", "deleted":"0", "process_failed_to_decrypt":"0", "process_pending_decryption":"0", "process_success":"250", "total":"250"}}
{"logTime": "0223/090714", "correlationVector":"4pcl+BukiIZ0T4wgGai9YX.3","action":"GetUpdates Response", "result":"Success", "context":Received 250 update(s). cV=4pcl+BukiIZ0T4wgGai9YX.0;server=akswtt11100000e;cloudType=Consumer;environment=Prod_southeastasia_prod-s01-064-apac-southeastasia;migrationStage=NotStarted Some updates remain.}
{"logTime": "0223/090714", "correlationVector":"R8jFMibsjvCyBxDWNotn+2","action":"Initial GetUpdates", "result":"", "context":Reason: NEW_CLIENT. cV=R8jFMibsjvCyBxDWNotn+2}
{"logTime": "0223/090717", "correlationVector":"R8jFMibsjvCyBxDWNotn+2.1","action":"SyncServerConnectionManagerRequest", "result":"SYNC_SERVER_OK", "context":{"environment":"Prod_southeastasia_prod-s01-064-apac-southeastasia", "migrationStage":"NotStarted", "server":"akswtt11100000e"}}
{"logTime": "0223/090717", "correlationVector":"R8jFMibsjvCyBxDWNotn+2.2","action":"ProcessGetUpdates", "result":"Done", "context":{"dataType":"History", "deleted":"0", "process_failed_to_decrypt":"0", "process_pending_decryption":"0", "process_success":"250", "total":"250"}}
{"logTime": "0223/090717", "correlationVector":"R8jFMibsjvCyBxDWNotn+2.3","action":"GetUpdates Response", "result":"Success", "context":Received 250 update(s). cV=R8jFMibsjvCyBxDWNotn+2.0;server=akswtt11100000e;cloudType=Consumer;environment=Prod_southeastasia_prod-s01-064-apac-southeastasia;migrationStage=NotStarted Some updates remain.}
{"logTime": "0223/090717", "correlationVector":"s5UgyPazSdoRj4+djcxQeJ","action":"Initial GetUpdates", "result":"", "context":Reason: NEW_CLIENT. cV=s5UgyPazSdoRj4+djcxQeJ}
{"logTime": "0223/090720", "correlationVector":"s5UgyPazSdoRj4+djcxQeJ.1","action":"SyncServerConnectionManagerRequest", "result":"SYNC_SERVER_OK", "context":{"environment":"Prod_southeastasia_prod-s01-064-apac-southeastasia", "migrationStage":"NotStarted", "server":"akswtt11100000e"}}
{"logTime": "0223/090720", "correlationVector":"s5UgyPazSdoRj4+djcxQeJ.2","action":"ProcessGetUpdates", "result":"Done", "context":{"dataType":"History", "deleted":"0", "process_failed_to_decrypt":"0", "process_pending_decryption":"0", "process_success":"250", "total":"250"}}
{"logTime": "0223/090720", "correlationVector":"s5UgyPazSdoRj4+djcxQeJ.3","action":"GetUpdates Response", "result":"Success", "context":Received 250 update(s). cV=s5UgyPazSdoRj4+djcxQeJ.0;server=akswtt11100000e;cloudType=Consumer;environment=Prod_southeastasia_prod-s01-064-apac-southeastasia;migrationStage=NotStarted Some updates remain.}
{"logTime": "0223/090720", "correlationVector":"w1MZcKTlzXewD+MWKtmvEO","action":"Initial GetUpdates", "result":"", "context":Reason: NEW_CLIENT. cV=w1MZcKTlzXewD+MWKtmvEO}
{"logTime": "0223/090722", "correlationVector":"w1MZcKTlzXewD+MWKtmvEO.1","action":"SyncServerConnectionManagerRequest", "result":"SYNC_SERVER_OK", "context":{"environment":"Prod_southeastasia_prod-s01-064-apac-southeastasia", "migrationStage":"NotStarted", "server":"akswtt111000010"}}
{"logTime": "0223/090722", "correlationVector":"w1MZcKTlzXewD+MWKtmvEO.2","action":"ProcessGetUpdates", "result":"Done", "context":{"dataType":"History", "deleted":"0", "process_failed_to_decrypt":"0", "process_pending_decryption":"0", "process_success":"250", "total":"250"}}
{"logTime": "0223/090722", "correlationVector":"w1MZcKTlzXewD+MWKtmvEO.3","action":"GetUpdates Response", "result":"Success", "context":Received 250 update(s). cV=w1MZcKTlzXewD+MWKtmvEO.0;server=akswtt111000010;cloudType=Consumer;environment=Prod_southeastasia_prod-s01-064-apac-southeastasia;migrationStage=NotStarted Some updates remain.}
{"logTime": "0223/090722", "correlationVector":"KwN/xCSRdxGQ7D5h73OuPI","action":"Initial GetUpdates", "result":"", "context":Reason: NEW_CLIENT. cV=KwN/xCSRdxGQ7D5h73OuPI}
{"logTime": "0223/090725", "correlationVector":"KwN/xCSRdxGQ7D5h73OuPI.1","action":"SyncServerConnectionManagerRequest", "result":"SYNC_SERVER_OK", "context":{"environment":"Prod_southeastasia_prod-s01-064-apac-southeastasia", "migrationStage":"NotStarted", "server":"akswtt11100000f"}}
{"logTime": "0223/090725", "correlationVector":"KwN/xCSRdxGQ7D5h73OuPI.2","action":"ProcessGetUpdates", "result":"Done", "context":{"dataType":"History", "deleted":"0", "process_failed_to_decrypt":"0", "process_pending_decryption":"0", "process_success":"250", "total":"250"}}
{"logTime": "0223/090725", "correlationVector":"KwN/xCSRdxGQ7D5h73OuPI.3","action":"GetUpdates Response", "result":"Success", "context":Received 250 update(s). cV=KwN/xCSRdxGQ7D5h73OuPI.0;server=akswtt11100000f;cloudType=Consumer;environment=Prod_southeastasia_prod-s01-064-apac-southeastasia;migrationStage=NotStarted Some updates remain.}
{"logTime": "0223/090725", "correlationVector":"ttmr6qLp9IQ5LZw9zbfXpd","action":"Initial GetUpdates", "result":"", "context":Reason: NEW_CLIENT. cV=ttmr6qLp9IQ5LZw9zbfXpd}
{"logTime": "0223/090727", "correlationVector":"ttmr6qLp9IQ5LZw9zbfXpd.1","action":"SyncServerConnectionManagerRequest", "result":"SYNC_SERVER_OK", "context":{"environment":"Prod_southeastasia_prod-s01-064-apac-southeastasia", "migrationStage":"NotStarted", "server":"akswtt11100000a"}}
{"logTime": "0223/090727", "correlationVector":"ttmr6qLp9IQ5LZw9zbfXpd.2","action":"ProcessGetUpdates", "result":"Done", "context":{"dataType":"History", "deleted":"0", "process_failed_to_decrypt":"0", "process_pending_decryption":"0", "process_success":"250", "total":"250"}}
{"logTime": "0223/090727", "correlationVector":"ttmr6qLp9IQ5LZw9zbfXpd.3","action":"GetUpdates Response", "result":"Success", "context":Received 250 update(s). cV=ttmr6qLp9IQ5LZw9zbfXpd.0;server=akswtt11100000a;cloudType=Consumer;environment=Prod_southeastasia_prod-s01-064-apac-southeastasia;migrationStage=NotStarted Some updates remain.}
{"logTime": "0223/090727", "correlationVector":"T1pWw5si+RzgSQ4RgmFHbG","action":"Initial GetUpdates", "result":"", "context":Reason: NEW_CLIENT. cV=T1pWw5si+RzgSQ4RgmFHbG}
{"logTime": "0223/090730", "correlationVector":"T1pWw5si+RzgSQ4RgmFHbG.1","action":"SyncServerConnectionManagerRequest", "result":"SYNC_SERVER_OK", "context":{"environment":"Prod_southeastasia_prod-s01-064-apac-southeastasia", "migrationStage":"NotStarted", "server":"akswtt11100000f"}}
{"logTime": "0223/090730", "correlationVector":"T1pWw5si+RzgSQ4RgmFHbG.2","action":"ProcessGetUpdates", "result":"Done", "context":{"dataType":"History", "deleted":"0", "process_failed_to_decrypt":"0", "process_pending_decryption":"0", "process_success":"250", "total":"250"}}
{"logTime": "0223/090730", "correlationVector":"T1pWw5si+RzgSQ4RgmFHbG.3","action":"GetUpdates Response", "result":"Success", "context":Received 250 update(s). cV=T1pWw5si+RzgSQ4RgmFHbG.0;server=akswtt11100000f;cloudType=Consumer;environment=Prod_southeastasia_prod-s01-064-apac-southeastasia;migrationStage=NotStarted Some updates remain.}
{"logTime": "0223/090730", "correlationVector":"7IGwNpPttOllg5m4wmoM+V","action":"Initial GetUpdates", "result":"", "context":Reason: NEW_CLIENT. cV=7IGwNpPttOllg5m4wmoM+V}
{"logTime": "0223/090731", "correlationVector":"7IGwNpPttOllg5m4wmoM+V.1","action":"SyncServerConnectionManagerRequest", "result":"SYNC_SERVER_OK", "context":{"environment":"Prod_southeastasia_prod-s01-064-apac-southeastasia", "migrationStage":"NotStarted", "server":"akswtt111000004"}}
{"logTime": "0223/090731", "correlationVector":"7IGwNpPttOllg5m4wmoM+V.2","action":"ProcessGetUpdates", "result":"Done", "context":{"dataType":"History", "deleted":"0", "process_failed_to_decrypt":"0", "process_pending_decryption":"0", "process_success":"156", "total":"156"}}
{"logTime": "0223/090731", "correlationVector":"7IGwNpPttOllg5m4wmoM+V.3","action":"GetUpdates Response", "result":"Success", "context":Received 156 update(s). cV=7IGwNpPttOllg5m4wmoM+V.0;server=akswtt111000004;cloudType=Consumer;environment=Prod_southeastasia_prod-s01-064-apac-southeastasia;migrationStage=NotStarted}
{"logTime": "0223/090731", "correlationVector":"L8HhRFtIF08XyM/2t34TJd","action":"Normal GetUpdate request", "result":"", "context":cV=L8HhRFtIF08XyM/2t34TJd
Nudged types: Preferences, Sessions, Device Info, User Consents
Refresh requested types: Bookmarks, Preferences, Extensions, Sessions, Extension settings, History Delete Directives, Device Info, User Consents, Send Tab To Self, Web Apps, History, Saved Tab Group, WebAuthn Credentials, Collection, Edge E Drop, Edge Hub App Usage, Edge Wallet, Edge Workspace, Encryption Keys}
{"logTime": "0223/090732", "correlationVector":"L8HhRFtIF08XyM/2t34TJd.1","action":"SyncServerConnectionManagerRequest", "result":"SYNC_SERVER_OK", "context":{"environment":"Prod_southeastasia_prod-s01-064-apac-southeastasia", "migrationStage":"NotStarted", "server":"akswtt111000004"}}
{"logTime": "0223/090732", "correlationVector":"L8HhRFtIF08XyM/2t34TJd.2","action":"ProcessGetUpdates", "result":"Done", "context":{"dataType":"Sessions", "deleted":"1", "process_failed_to_decrypt":"0", "process_pending_decryption":"0", "process_success":"1", "total":"1"}}
{"logTime": "0223/090732", "correlationVector":"L8HhRFtIF08XyM/2t34TJd.3","action":"GetUpdates Response", "result":"Success", "context":Received 1 update(s). cV=L8HhRFtIF08XyM/2t34TJd.0;server=akswtt111000004;cloudType=Consumer;environment=Prod_southeastasia_prod-s01-064-apac-southeastasia;migrationStage=NotStarted}
{"logTime": "0223/090732", "correlationVector":"eJczzpD+Qq8eajeGXZbrKx","action":"Commit Request", "result":"", "context":Item count: 6
Contributing types: Preferences, Sessions, Device Info, User Consents}
{"logTime": "0223/090733", "correlationVector":"eJczzpD+Qq8eajeGXZbrKx.1","action":"SyncServerConnectionManagerRequest", "result":"SYNC_SERVER_OK", "context":{"environment":"Prod_southeastasia_prod-s01-064-apac-southeastasia", "migrationStage":"NotStarted", "server":"akswtt11100001c"}}
{"logTime": "0223/090733", "correlationVector":"eJczzpD+Qq8eajeGXZbrKx.2","action":"Commit Response", "result":"Success", "context":Result: Success. cV=eJczzpD+Qq8eajeGXZbrKx.0;server=akswtt11100001c;cloudType=Consumer;environment=Prod_southeastasia_prod-s01-064-apac-southeastasia;migrationStage=NotStarted}
{"logTime": "0223/090740", "correlationVector":"kta3j7mJIygCe6So4Iq4hw","action":"SyncServerConnectionManagerRequest", "result":"SYNC_SERVER_OK", "context":{"environment":"", "migrationStage":"", "server":""}}
{"logTime": "0223/090740", "correlationVector":"kta3j7mJIygCe6So4Iq4hw.0","action":"EncryptionKeysFetcher.DownloadKeys:", "result":"Success", "context":Key count: 3, Last key timestamp: 2025-10-02T03:27:52Z}
{"logTime": "0223/090740", "correlationVector":"kta3j7mJIygCe6So4Iq4hw.1","action":"EncryptionKeysManager::SetEncryptionKeys:", "result":"Success", "context":Key names[3]:[KJPaYJyxhAq7YUQvrb4YTL1lxEg4sVIVZ9r7DmCCPtBVmJTXtzvY9w+iQ7XcGLQGl6tKfF0IL37R5pIe2DrJgA==][JrNykw74dGdUsddXCsAA94LwLDms5YgyyQQHOClGTBsHicGEz2YpC4MRYWlqqFgyYzDVddLWo5f5lpiV/qgaYA==][KQVlb3rVtiABhtOFp3aZtzvfx0oYJStBePKcRoukWF9Acjjj0QFsggZTWFqJ1b0Y4YV2QV0urLvn3CKgD6Kciw==]}
{"logTime": "0223/090740", "correlationVector":"kta3j7mJIygCe6So4Iq4hw.2","action":"EncryptionKeysManager::SetEncryptionKeysWithTimestamps:", "result":"Success", "context":Key timestamps[3]:[2024-10-05T09:54:47Z][2025-04-04T04:07:54Z][2025-10-02T03:27:52Z]}
{"logTime": "0223/090740", "correlationVector":"WN71QAkBcLRzmeMm+Nk8m0","action":"Initial GetUpdates", "result":"", "context":Reason: NEWLY_SUPPORTED_DATATYPE. cV=WN71QAkBcLRzmeMm+Nk8m0}
{"logTime": "0223/090741", "correlationVector":"WN71QAkBcLRzmeMm+Nk8m0.1","action":"SyncServerConnectionManagerRequest", "result":"SYNC_SERVER_OK", "context":{"environment":"Prod_southeastasia_prod-s01-064-apac-southeastasia", "migrationStage":"NotStarted", "server":"akswtt11100000d"}}
{"logTime": "0223/090741", "correlationVector":"WN71QAkBcLRzmeMm+Nk8m0.2","action":"ProcessGetUpdates", "result":"Done", "context":{"dataType":"Passwords", "deleted":"0", "process_failed_to_decrypt":"0", "process_pending_decryption":"0", "process_success":"13", "total":"13"}}
{"logTime": "0223/090741", "correlationVector":"WN71QAkBcLRzmeMm+Nk8m0.3","action":"GetUpdates Response", "result":"Success", "context":Received 13 update(s). cV=WN71QAkBcLRzmeMm+Nk8m0.0;server=akswtt11100000d;cloudType=Consumer;environment=Prod_southeastasia_prod-s01-064-apac-southeastasia;migrationStage=NotStarted}
{"logTime": "0223/090741", "correlationVector":"l9KXMv6OS8052oy1ThgC1M","action":"Initial GetUpdates", "result":"", "context":Reason: NEWLY_SUPPORTED_DATATYPE. cV=l9KXMv6OS8052oy1ThgC1M}
{"logTime": "0223/090745", "correlationVector":"l9KXMv6OS8052oy1ThgC1M.1","action":"SyncServerConnectionManagerRequest", "result":"SYNC_SERVER_OK", "context":{"environment":"Prod_southeastasia_prod-s01-064-apac-southeastasia", "migrationStage":"NotStarted", "server":"akswtt111000017"}}
{"logTime": "0223/090745", "correlationVector":"l9KXMv6OS8052oy1ThgC1M.2","action":"ProcessGetUpdates", "result":"Done", "context":{"dataType":"Autofill Profiles", "deleted":"1", "process_failed_to_decrypt":"0", "process_pending_decryption":"0", "process_success":"8", "total":"8"}}
{"logTime": "0223/090745", "correlationVector":"l9KXMv6OS8052oy1ThgC1M.3","action":"ProcessGetUpdates", "result":"Done", "context":{"dataType":"Autofill", "deleted":"0", "process_failed_to_decrypt":"0", "process_pending_decryption":"0", "process_success":"242", "total":"242"}}
{"logTime": "0223/090745", "correlationVector":"l9KXMv6OS8052oy1ThgC1M.4","action":"GetUpdates Response", "result":"Success", "context":Received 250 update(s). cV=l9KXMv6OS8052oy1ThgC1M.0;server=akswtt111000017;cloudType=Consumer;environment=Prod_southeastasia_prod-s01-064-apac-southeastasia;migrationStage=NotStarted Some updates remain.}
{"logTime": "0223/090745", "correlationVector":"189x2a/HhSWwnyvqhjtQmt","action":"Initial GetUpdates", "result":"", "context":Reason: NEWLY_SUPPORTED_DATATYPE. cV=189x2a/HhSWwnyvqhjtQmt}
{"logTime": "0223/090745", "correlationVector":"189x2a/HhSWwnyvqhjtQmt.1","action":"SyncServerConnectionManagerRequest", "result":"SYNC_SERVER_OK", "context":{"environment":"Prod_southeastasia_prod-s01-064-apac-southeastasia", "migrationStage":"NotStarted", "server":"akswtt11100001b"}}
{"logTime": "0223/090745", "correlationVector":"189x2a/HhSWwnyvqhjtQmt.2","action":"ProcessGetUpdates", "result":"Done", "context":{"dataType":"Autofill Profiles", "deleted":"2", "process_failed_to_decrypt":"0", "process_pending_decryption":"0", "process_success":"4", "total":"4"}}
{"logTime": "0223/090745", "correlationVector":"189x2a/HhSWwnyvqhjtQmt.3","action":"ProcessGetUpdates", "result":"Done", "context":{"dataType":"Autofill", "deleted":"0", "process_failed_to_decrypt":"0", "process_pending_decryption":"0", "process_success":"54", "total":"54"}}
{"logTime": "0223/090745", "correlationVector":"189x2a/HhSWwnyvqhjtQmt.4","action":"GetUpdates Response", "result":"Success", "context":Received 58 update(s). cV=189x2a/HhSWwnyvqhjtQmt.0;server=akswtt11100001b;cloudType=Consumer;environment=Prod_southeastasia_prod-s01-064-apac-southeastasia;migrationStage=NotStarted}
{"logTime": "0223/090746", "correlationVector":"y2O2hQAVHV6UqD54WeYi0L","action":"Normal GetUpdate request", "result":"", "context":cV=y2O2hQAVHV6UqD54WeYi0L
Nudged types: Preferences, Sessions, Device Info
Refresh requested types: Bookmarks, Preferences, Passwords, Autofill Profiles, Autofill, Extensions, Sessions, Extension settings, History Delete Directives, Device Info, User Consents, Send Tab To Self, Web Apps, History, Saved Tab Group, WebAuthn Credentials, Collection, Edge E Drop, Edge Hub App Usage, Edge Wallet, Edge Workspace, Encryption Keys}
{"logTime": "0223/090746", "correlationVector":"y2O2hQAVHV6UqD54WeYi0L.1","action":"SyncServerConnectionManagerRequest", "result":"SYNC_SERVER_OK", "context":{"environment":"Prod_southeastasia_prod-s01-064-apac-southeastasia", "migrationStage":"NotStarted", "server":"akswtt11100000d"}}
{"logTime": "0223/090746", "correlationVector":"y2O2hQAVHV6UqD54WeYi0L.2","action":"ProcessGetUpdates", "result":"Done", "context":{"dataType":"Preferences", "deleted":"0", "process_failed_to_decrypt":"0", "process_pending_decryption":"0", "process_success":"1", "total":"1"}}
{"logTime": "0223/090746", "correlationVector":"y2O2hQAVHV6UqD54WeYi0L.3","action":"ProcessGetUpdates", "result":"Done", "context":{"dataType":"Sessions", "deleted":"0", "process_failed_to_decrypt":"0", "process_pending_decryption":"0", "process_success":"2", "total":"2"}}
{"logTime": "0223/090746", "correlationVector":"y2O2hQAVHV6UqD54WeYi0L.4","action":"ProcessGetUpdates", "result":"Done", "context":{"dataType":"Device Info", "deleted":"0", "process_failed_to_decrypt":"0", "process_pending_decryption":"0", "process_success":"1", "total":"1"}}
{"logTime": "0223/090746", "correlationVector":"y2O2hQAVHV6UqD54WeYi0L.5","action":"GetUpdates Response", "result":"Success", "context":Received 4 update(s). cV=y2O2hQAVHV6UqD54WeYi0L.0;server=akswtt11100000d;cloudType=Consumer;environment=Prod_southeastasia_prod-s01-064-apac-southeastasia;migrationStage=NotStarted}
{"logTime": "0223/090746", "correlationVector":"UZv1aKPT++Gps3yKLBztmP","action":"DoCompareDataConsistency requsted types: ", "result":"Bookmarks, Preferences, Passwords, Extensions, Extension settings, History Delete Directives, Send Tab To Self, Web Apps, History, Saved Tab Group, WebAuthn Credentials, Collection, Edge E Drop, Edge Wallet, Edge Workspace, Encryption Keys"}
{"logTime": "0223/090746", "correlationVector":"UZv1aKPT++Gps3yKLBztmP.0","action":"CompareDataConsistency result: ", "result":"Compare result: Encryption Keys is consistent. local entities count is: 1 local entities hash is: vQBkI+WFc2KkI/v+Ry1WB+eLoL8="}
{"logTime": "0223/090746", "correlationVector":"UZv1aKPT++Gps3yKLBztmP.1","action":"CompareDataConsistency result: ", "result":"Compare result: Bookmarks is consistent. local entities count is: 19 local entities hash is: QNGXjZ+byNWL/lEDk/GRyRzu0o4="}
{"logTime": "0223/090746", "correlationVector":"UZv1aKPT++Gps3yKLBztmP.2","action":"CompareDataConsistency result: ", "result":"Compare result: Preferences is consistent. local entities count is: 82 local entities hash is: gtndkWr70xMStFdfCoUOzkkZ9kc="}
{"logTime": "0223/090746", "correlationVector":"UZv1aKPT++Gps3yKLBztmP.3","action":"CompareDataConsistency result: ", "result":"Compare result: Extensions is consistent. local entities count is: 2 local entities hash is: er3g7sLN+AkzcqrNQOm7Gb6YjOM="}
{"logTime": "0223/090746", "correlationVector":"UZv1aKPT++Gps3yKLBztmP.4","action":"CompareDataConsistency result: ", "result":"Compare result: Extension settings is consistent. local entities count is: 2 local entities hash is: Gj3GL3u1f3pvLigSMEt7ejzsjRY="}
{"logTime": "0223/090746", "correlationVector":"UZv1aKPT++Gps3yKLBztmP.5","action":"CompareDataConsistency result: ", "result":"Compare result: History Delete Directives is consistent. local entities count is: 0 local entities hash is: "}
{"logTime": "0223/090746", "correlationVector":"UZv1aKPT++Gps3yKLBztmP.6","action":"CompareDataConsistency result: ", "result":"Server did not send this Send Tab To Self local entities count is: 0 local entities hash is: "}
{"logTime": "0223/090746", "correlationVector":"UZv1aKPT++Gps3yKLBztmP.7","action":"CompareDataConsistency result: ", "result":"Compare result: Web Apps is consistent. local entities count is: 0 local entities hash is: "}
{"logTime": "0223/090746", "correlationVector":"UZv1aKPT++Gps3yKLBztmP.8","action":"CompareDataConsistency result: ", "result":"Server did not send this History local entities count is: 0 local entities hash is: "}
{"logTime": "0223/090746", "correlationVector":"UZv1aKPT++Gps3yKLBztmP.9","action":"CompareDataConsistency result: ", "result":"Compare result: Saved Tab Group is consistent. local entities count is: 0 local entities hash is: "}
{"logTime": "0223/090746", "correlationVector":"UZv1aKPT++Gps3yKLBztmP.10","action":"CompareDataConsistency result: ", "result":"Server did not send this WebAuthn Credentials local entities count is: 0 local entities hash is: "}
{"logTime": "0223/090746", "correlationVector":"UZv1aKPT++Gps3yKLBztmP.11","action":"CompareDataConsistency result: ", "result":"Compare result: Collection is consistent. local entities count is: 0 local entities hash is: "}
{"logTime": "0223/090746", "correlationVector":"UZv1aKPT++Gps3yKLBztmP.12","action":"CompareDataConsistency result: ", "result":"Compare result: Edge E Drop is consistent. local entities count is: 0 local entities hash is: "}
{"logTime": "0223/090746", "correlationVector":"UZv1aKPT++Gps3yKLBztmP.13","action":"CompareDataConsistency result: ", "result":"Compare result: Edge Wallet is consistent. local entities count is: 0 local entities hash is: "}
{"logTime": "0223/090746", "correlationVector":"UZv1aKPT++Gps3yKLBztmP.14","action":"CompareDataConsistency result: ", "result":"Server did not send this Edge Workspace local entities count is: 0 local entities hash is: "}
{"logTime": "0223/090746", "correlationVector":"UZv1aKPT++Gps3yKLBztmP.15","action":"CompareDataConsistency result: ", "result":"Compare result: Passwords is consistent. local entities count is: 13 local entities hash is: JQY3aOn3D2/60YXH7nae5CSf3dk="}
{"logTime": "0223/090747", "correlationVector":"","action":"DIAGNOSTIC_REQUEST|v1/diagnosticData/Diagnostic.SendCheckResult()|SUCCESS", "result":""}
{"logTime": "0223/092027", "correlationVector":"xTBb/wZLkkQshePsUQmrD+","action":"Commit Request", "result":"", "context":Item count: 1
Contributing types: Sessions}
{"logTime": "0223/092028", "correlationVector":"xTBb/wZLkkQshePsUQmrD+.1","action":"SyncServerConnectionManagerRequest", "result":"SYNC_SERVER_OK", "context":{"environment":"Prod_japaneast_prod-s01-061-apac-japaneast", "migrationStage":"NotStarted", "server":"akswtt11100002v"}}
{"logTime": "0223/092028", "correlationVector":"xTBb/wZLkkQshePsUQmrD+.2","action":"Commit Response", "result":"Success", "context":Result: Success. cV=xTBb/wZLkkQshePsUQmrD+.0;server=akswtt11100002v;cloudType=Consumer;environment=Prod_japaneast_prod-s01-061-apac-japaneast;migrationStage=NotStarted}
{"logTime": "0223/092405", "correlationVector":"E0P7Z7CSY/DBNIj7OfaSoB","action":"Commit Request", "result":"", "context":Item count: 3
Contributing types: Sessions, History}
{"logTime": "0223/092406", "correlationVector":"E0P7Z7CSY/DBNIj7OfaSoB.1","action":"SyncServerConnectionManagerRequest", "result":"SYNC_SERVER_OK", "context":{"environment":"Prod_japaneast_prod-s01-061-apac-japaneast", "migrationStage":"NotStarted", "server":"akswtt11100002i"}}
{"logTime": "0223/092406", "correlationVector":"E0P7Z7CSY/DBNIj7OfaSoB.2","action":"Commit Response", "result":"Success", "context":Result: Success. cV=E0P7Z7CSY/DBNIj7OfaSoB.0;server=akswtt11100002i;cloudType=Consumer;environment=Prod_japaneast_prod-s01-061-apac-japaneast;migrationStage=NotStarted}
{"logTime": "0223/092512", "correlationVector":"43HmuEizg2v2eVp5BhC/IC","action":"Commit Request", "result":"", "context":Item count: 4
Contributing types: Preferences, Sessions, History}
{"logTime": "0223/092512", "correlationVector":"43HmuEizg2v2eVp5BhC/IC.1","action":"SyncServerConnectionManagerRequest", "result":"SYNC_SERVER_OK", "context":{"environment":"Prod_japaneast_prod-s01-061-apac-japaneast", "migrationStage":"NotStarted", "server":"akswtt11100000a"}}
{"logTime": "0223/092512", "correlationVector":"43HmuEizg2v2eVp5BhC/IC.2","action":"Commit Response", "result":"Success", "context":Result: Success. cV=43HmuEizg2v2eVp5BhC/IC.0;server=akswtt11100000a;cloudType=Consumer;environment=Prod_japaneast_prod-s01-061-apac-japaneast;migrationStage=NotStarted}
{"logTime": "0223/092730", "correlationVector":"9rnnKkHNgJZRr/IJM52WBf","action":"Commit Request", "result":"", "context":Item count: 1
Contributing types: Sessions}
{"logTime": "0223/092737", "correlationVector":"9rnnKkHNgJZRr/IJM52WBf.1","action":"SyncServerConnectionManagerRequest", "result":"SYNC_SERVER_OK", "context":{"environment":"Prod_southeastasia_prod-s01-065-apac-southeastasia", "migrationStage":"NotStarted", "server":"akswtt111000010"}}
{"logTime": "0223/092737", "correlationVector":"9rnnKkHNgJZRr/IJM52WBf.2","action":"Commit Response", "result":"Success", "context":Result: Success. cV=9rnnKkHNgJZRr/IJM52WBf.0;server=akswtt111000010;cloudType=Consumer;environment=Prod_southeastasia_prod-s01-065-apac-southeastasia;migrationStage=NotStarted}
{"logTime": "0223/092746", "correlationVector":"A633k8Nt+5pWLrulyGyuDQ","action":"Commit Request", "result":"", "context":Item count: 1
Contributing types: Preferences}
{"logTime": "0223/092747", "correlationVector":"A633k8Nt+5pWLrulyGyuDQ.1","action":"SyncServerConnectionManagerRequest", "result":"SYNC_SERVER_OK", "context":{"environment":"Prod_southeastasia_prod-s01-065-apac-southeastasia", "migrationStage":"NotStarted", "server":"akswtt11100001t"}}
{"logTime": "0223/092747", "correlationVector":"A633k8Nt+5pWLrulyGyuDQ.2","action":"Commit Response", "result":"Success", "context":Result: Success. cV=A633k8Nt+5pWLrulyGyuDQ.0;server=akswtt11100001t;cloudType=Consumer;environment=Prod_southeastasia_prod-s01-065-apac-southeastasia;migrationStage=NotStarted}
{"logTime": "0223/092749", "correlationVector":"M2a46OfZ9as2OW5RCQkkR/","action":"Commit Request", "result":"", "context":Item count: 2
Contributing types: Preferences}
{"logTime": "0223/092750", "correlationVector":"M2a46OfZ9as2OW5RCQkkR/.1","action":"SyncServerConnectionManagerRequest", "result":"SYNC_SERVER_OK", "context":{"environment":"Prod_southeastasia_prod-s01-065-apac-southeastasia", "migrationStage":"NotStarted", "server":"akswtt111000010"}}
{"logTime": "0223/092750", "correlationVector":"M2a46OfZ9as2OW5RCQkkR/.2","action":"Commit Response", "result":"Success", "context":Result: Success. cV=M2a46OfZ9as2OW5RCQkkR/.0;server=akswtt111000010;cloudType=Consumer;environment=Prod_southeastasia_prod-s01-065-apac-southeastasia;migrationStage=NotStarted}
{"logTime": "0223/092808", "correlationVector":"r3tRBLtwqTHiTdyPT190Rb","action":"Commit Request", "result":"", "context":Item count: 3
Contributing types: Preferences, Sessions}
{"logTime": "0223/092809", "correlationVector":"r3tRBLtwqTHiTdyPT190Rb.1","action":"SyncServerConnectionManagerRequest", "result":"SYNC_SERVER_OK", "context":{"environment":"Prod_southeastasia_prod-s01-065-apac-southeastasia", "migrationStage":"NotStarted", "server":"akswtt11100001t"}}
{"logTime": "0223/092809", "correlationVector":"r3tRBLtwqTHiTdyPT190Rb.2","action":"Commit Response", "result":"Success", "context":Result: Success. cV=r3tRBLtwqTHiTdyPT190Rb.0;server=akswtt11100001t;cloudType=Consumer;environment=Prod_southeastasia_prod-s01-065-apac-southeastasia;migrationStage=NotStarted}
{"logTime": "0223/092950", "correlationVector":"pNoz4ZwJhtSR53aFLJjelZ","action":"Commit Request", "result":"", "context":Item count: 3
Contributing types: Sessions}
{"logTime": "0223/092951", "correlationVector":"pNoz4ZwJhtSR53aFLJjelZ.1","action":"SyncServerConnectionManagerRequest", "result":"SYNC_SERVER_OK", "context":{"environment":"Prod_southeastasia_prod-s01-065-apac-southeastasia", "migrationStage":"NotStarted", "server":"akswtt111000010"}}
{"logTime": "0223/092951", "correlationVector":"pNoz4ZwJhtSR53aFLJjelZ.2","action":"Commit Response", "result":"Success", "context":Result: Success. cV=pNoz4ZwJhtSR53aFLJjelZ.0;server=akswtt111000010;cloudType=Consumer;environment=Prod_southeastasia_prod-s01-065-apac-southeastasia;migrationStage=NotStarted}
{"logTime": "0223/093127", "correlationVector":"iabcfPlWahKHOhCgkU2d40","action":"Commit Request", "result":"", "context":Item count: 4
Contributing types: Sessions, History}
{"logTime": "0223/093128", "correlationVector":"iabcfPlWahKHOhCgkU2d40.1","action":"SyncServerConnectionManagerRequest", "result":"SYNC_SERVER_OK", "context":{"environment":"Prod_southeastasia_prod-s01-065-apac-southeastasia", "migrationStage":"NotStarted", "server":"akswtt111000001"}}
{"logTime": "0223/093128", "correlationVector":"iabcfPlWahKHOhCgkU2d40.3","action":"Commit.Sessions", "result":"Success", "context":{"id":"12470994-9974-4429-89d1-ab2c24c47103", "isDeleted":"true", "size":"0", "version":"1771838990319"}}
{"logTime": "0223/093128", "correlationVector":"iabcfPlWahKHOhCgkU2d40.2","action":"Commit Response", "result":"Success", "context":Result: Success. cV=iabcfPlWahKHOhCgkU2d40.0;server=akswtt111000001;cloudType=Consumer;environment=Prod_southeastasia_prod-s01-065-apac-southeastasia;migrationStage=NotStarted}
{"logTime": "0223/100453", "correlationVector":"nX2BX59ky9hDv8Hvx8CbKp","action":"Normal GetUpdate request", "result":"", "context":cV=nX2BX59ky9hDv8Hvx8CbKp
Notified types: Preferences}
{"logTime": "0223/100455", "correlationVector":"nX2BX59ky9hDv8Hvx8CbKp.1","action":"SyncServerConnectionManagerRequest", "result":"SYNC_SERVER_OK", "context":{"environment":"Prod_southeastasia_prod-s01-065-apac-southeastasia", "migrationStage":"NotStarted", "server":"akswtt11100001r"}}
{"logTime": "0223/100455", "correlationVector":"nX2BX59ky9hDv8Hvx8CbKp.2","action":"ProcessGetUpdates", "result":"Done", "context":{"dataType":"Preferences", "deleted":"0", "process_failed_to_decrypt":"0", "process_pending_decryption":"0", "process_success":"4", "total":"4"}}
{"logTime": "0223/100455", "correlationVector":"nX2BX59ky9hDv8Hvx8CbKp.3","action":"ProcessGetUpdates", "result":"Done", "context":{"dataType":"Sessions", "deleted":"1", "process_failed_to_decrypt":"0", "process_pending_decryption":"0", "process_success":"4", "total":"4"}}
{"logTime": "0223/100455", "correlationVector":"nX2BX59ky9hDv8Hvx8CbKp.4","action":"ProcessGetUpdates", "result":"Done", "context":{"dataType":"History", "deleted":"0", "process_failed_to_decrypt":"0", "process_pending_decryption":"0", "process_success":"4", "total":"4"}}
{"logTime": "0223/100455", "correlationVector":"nX2BX59ky9hDv8Hvx8CbKp.5","action":"GetUpdates Response", "result":"Success", "context":Received 12 update(s). cV=nX2BX59ky9hDv8Hvx8CbKp.0;server=akswtt11100001r;cloudType=Consumer;environment=Prod_southeastasia_prod-s01-065-apac-southeastasia;migrationStage=NotStarted}
{"logTime": "0223/102426", "correlationVector":"mJnTkfs54IV522rwKoRVwj","action":"Commit Request", "result":"", "context":Item count: 1
Contributing types: Sessions}
{"logTime": "0223/102426", "correlationVector":"mJnTkfs54IV522rwKoRVwj.1","action":"SyncServerConnectionManagerRequest", "result":"SYNC_AUTH_ERROR", "context":{"environment":"Prod_southeastasia_prod-s01-065-apac-southeastasia", "migrationStage":"NotStarted", "server":"akswtt11100001s"}}
{"logTime": "0223/102426", "correlationVector":"mJnTkfs54IV522rwKoRVwj.2","action":"Commit Response", "result":"HTTP error (401)", "context":Result: HTTP error (401). cV=mJnTkfs54IV522rwKoRVwj.0;server=akswtt11100001s;cloudType=Undetermined;environment=Prod_southeastasia_prod-s01-065-apac-southeastasia;migrationStage=NotStarted}
{"logTime": "0223/102428", "correlationVector":"w7hXF0I/vZ0iNH+GiwFlDS","action":"Commit Request", "result":"", "context":Item count: 1
Contributing types: Sessions}
{"logTime": "0223/102429", "correlationVector":"w7hXF0I/vZ0iNH+GiwFlDS.1","action":"SyncServerConnectionManagerRequest", "result":"SYNC_SERVER_OK", "context":{"environment":"Prod_southeastasia_prod-s01-065-apac-southeastasia", "migrationStage":"NotStarted", "server":"akswtt11100001x"}}
{"logTime": "0223/102429", "correlationVector":"w7hXF0I/vZ0iNH+GiwFlDS.2","action":"Commit Response", "result":"Success", "context":Result: Success. cV=w7hXF0I/vZ0iNH+GiwFlDS.0;server=akswtt11100001x;cloudType=Consumer;environment=Prod_southeastasia_prod-s01-065-apac-southeastasia;migrationStage=NotStarted}
{"logTime": "0223/102520", "correlationVector":"kfjOhEhgnQzIg6IvQsfFUo","action":"Commit Request", "result":"", "context":Item count: 4
Contributing types: Preferences, Sessions, History}
{"logTime": "0223/102522", "correlationVector":"kfjOhEhgnQzIg6IvQsfFUo.1","action":"SyncServerConnectionManagerRequest", "result":"SYNC_SERVER_OK", "context":{"environment":"Prod_southeastasia_prod-s01-065-apac-southeastasia", "migrationStage":"NotStarted", "server":"akswtt11100000m"}}
{"logTime": "0223/102522", "correlationVector":"kfjOhEhgnQzIg6IvQsfFUo.2","action":"Commit Response", "result":"Success", "context":Result: Success. cV=kfjOhEhgnQzIg6IvQsfFUo.0;server=akswtt11100000m;cloudType=Consumer;environment=Prod_southeastasia_prod-s01-065-apac-southeastasia;migrationStage=NotStarted}
{"logTime": "0223/104845", "correlationVector":"urP7gh/QsHwfREx8D/VzuA","action":"Commit Request", "result":"", "context":Item count: 4
Contributing types: Preferences, Sessions, History}
{"logTime": "0223/104848", "correlationVector":"urP7gh/QsHwfREx8D/VzuA.1","action":"SyncServerConnectionManagerRequest", "result":"SYNC_SERVER_OK", "context":{"environment":"Prod_southeastasia_prod-s01-064-apac-southeastasia", "migrationStage":"NotStarted", "server":"akswtt111000005"}}
{"logTime": "0223/104848", "correlationVector":"urP7gh/QsHwfREx8D/VzuA.2","action":"Commit Response", "result":"Success", "context":Result: Success. cV=urP7gh/QsHwfREx8D/VzuA.0;server=akswtt111000005;cloudType=Consumer;environment=Prod_southeastasia_prod-s01-064-apac-southeastasia;migrationStage=NotStarted}
{"logTime": "0223/104850", "correlationVector":"or0i9O5wkdZEv2nPTq6cFC","action":"Commit Request", "result":"", "context":Item count: 1
Contributing types: Preferences}
{"logTime": "0223/104851", "correlationVector":"or0i9O5wkdZEv2nPTq6cFC.1","action":"SyncServerConnectionManagerRequest", "result":"SYNC_SERVER_OK", "context":{"environment":"Prod_southeastasia_prod-s01-064-apac-southeastasia", "migrationStage":"NotStarted", "server":"akswtt11100001i"}}
{"logTime": "0223/104851", "correlationVector":"or0i9O5wkdZEv2nPTq6cFC.2","action":"Commit Response", "result":"Success", "context":Result: Success. cV=or0i9O5wkdZEv2nPTq6cFC.0;server=akswtt11100001i;cloudType=Consumer;environment=Prod_southeastasia_prod-s01-064-apac-southeastasia;migrationStage=NotStarted}
{"logTime": "0223/105104", "correlationVector":"ODJYKjAugwbRD3zzvhKaZT","action":"Commit Request", "result":"", "context":Item count: 3
Contributing types: Sessions, History}
{"logTime": "0223/105105", "correlationVector":"ODJYKjAugwbRD3zzvhKaZT.1","action":"SyncServerConnectionManagerRequest", "result":"SYNC_SERVER_OK", "context":{"environment":"Prod_southeastasia_prod-s01-065-apac-southeastasia", "migrationStage":"NotStarted", "server":"akswtt11100001v"}}
{"logTime": "0223/105105", "correlationVector":"ODJYKjAugwbRD3zzvhKaZT.2","action":"Commit Response", "result":"Success", "context":Result: Success. cV=ODJYKjAugwbRD3zzvhKaZT.0;server=akswtt11100001v;cloudType=Consumer;environment=Prod_southeastasia_prod-s01-065-apac-southeastasia;migrationStage=NotStarted}
{"logTime": "0223/105400", "correlationVector":"EWI3uGPkWQ647wlZ37hp+f","action":"Commit Request", "result":"", "context":Item count: 3
Contributing types: Sessions, History}
{"logTime": "0223/105401", "correlationVector":"EWI3uGPkWQ647wlZ37hp+f.1","action":"SyncServerConnectionManagerRequest", "result":"SYNC_SERVER_OK", "context":{"environment":"Prod_southeastasia_prod-s01-065-apac-southeastasia", "migrationStage":"NotStarted", "server":"akswtt11100001l"}}
{"logTime": "0223/105401", "correlationVector":"EWI3uGPkWQ647wlZ37hp+f.2","action":"Commit Response", "result":"Success", "context":Result: Success. cV=EWI3uGPkWQ647wlZ37hp+f.0;server=akswtt11100001l;cloudType=Consumer;environment=Prod_southeastasia_prod-s01-065-apac-southeastasia;migrationStage=NotStarted}
{"logTime": "0223/105616", "correlationVector":"Gg/f6+IJ+jn/ANwpHIGcHH","action":"Commit Request", "result":"", "context":Item count: 3
Contributing types: Sessions, History}
{"logTime": "0223/105617", "correlationVector":"Gg/f6+IJ+jn/ANwpHIGcHH.1","action":"SyncServerConnectionManagerRequest", "result":"SYNC_SERVER_OK", "context":{"environment":"Prod_southeastasia_prod-s01-065-apac-southeastasia", "migrationStage":"NotStarted", "server":"akswtt11100001t"}}
{"logTime": "0223/105617", "correlationVector":"Gg/f6+IJ+jn/ANwpHIGcHH.2","action":"Commit Response", "result":"Success", "context":Result: Success. cV=Gg/f6+IJ+jn/ANwpHIGcHH.0;server=akswtt11100001t;cloudType=Consumer;environment=Prod_southeastasia_prod-s01-065-apac-southeastasia;migrationStage=NotStarted}
{"logTime": "0223/110014", "correlationVector":"IDf49w4xMRuQINCTfUNgqy","action":"Commit Request", "result":"", "context":Item count: 10
Contributing types: Sessions, History}
{"logTime": "0223/110015", "correlationVector":"IDf49w4xMRuQINCTfUNgqy.1","action":"SyncServerConnectionManagerRequest", "result":"SYNC_SERVER_OK", "context":{"environment":"Prod_southeastasia_prod-s01-064-apac-southeastasia", "migrationStage":"NotStarted", "server":"akswtt11100000d"}}
{"logTime": "0223/110015", "correlationVector":"IDf49w4xMRuQINCTfUNgqy.2","action":"Commit Response", "result":"Success", "context":Result: Success. cV=IDf49w4xMRuQINCTfUNgqy.0;server=akswtt11100000d;cloudType=Consumer;environment=Prod_southeastasia_prod-s01-064-apac-southeastasia;migrationStage=NotStarted}
{"logTime": "0223/110123", "correlationVector":"meJSTfSon50Ebdo4lV87VC","action":"Commit Request", "result":"", "context":Item count: 4
Contributing types: Sessions, History}
{"logTime": "0223/110134", "correlationVector":"meJSTfSon50Ebdo4lV87VC.1","action":"SyncServerConnectionManagerRequest", "result":"SYNC_SERVER_OK", "context":{"environment":"Prod_southeastasia_prod-s01-064-apac-southeastasia", "migrationStage":"NotStarted", "server":"akswtt111000010"}}
{"logTime": "0223/110134", "correlationVector":"meJSTfSon50Ebdo4lV87VC.2","action":"Commit Response", "result":"Success", "context":Result: Success. cV=meJSTfSon50Ebdo4lV87VC.0;server=akswtt111000010;cloudType=Consumer;environment=Prod_southeastasia_prod-s01-064-apac-southeastasia;migrationStage=NotStarted}
{"logTime": "0223/110445", "correlationVector":"TfwPBi7vBcqdOG1zDtWqkL","action":"Commit Request", "result":"", "context":Item count: 4
Contributing types: Sessions, History}
{"logTime": "0223/110447", "correlationVector":"TfwPBi7vBcqdOG1zDtWqkL.1","action":"SyncServerConnectionManagerRequest", "result":"SYNC_SERVER_OK", "context":{"environment":"Prod_southeastasia_prod-s01-065-apac-southeastasia", "migrationStage":"NotStarted", "server":"akswtt11100001v"}}
{"logTime": "0223/110447", "correlationVector":"TfwPBi7vBcqdOG1zDtWqkL.2","action":"Commit Response", "result":"Success", "context":Result: Success. cV=TfwPBi7vBcqdOG1zDtWqkL.0;server=akswtt11100001v;cloudType=Consumer;environment=Prod_southeastasia_prod-s01-065-apac-southeastasia;migrationStage=NotStarted}
{"logTime": "0223/111022", "correlationVector":"fnGgdZWzuevpsuc8WAgSk9","action":"Commit Request", "result":"", "context":Item count: 8
Contributing types: Sessions, History}
{"logTime": "0223/111024", "correlationVector":"fnGgdZWzuevpsuc8WAgSk9.1","action":"SyncServerConnectionManagerRequest", "result":"SYNC_SERVER_OK", "context":{"environment":"Prod_southeastasia_prod-s01-064-apac-southeastasia", "migrationStage":"NotStarted", "server":"akswtt111000018"}}
{"logTime": "0223/111024", "correlationVector":"fnGgdZWzuevpsuc8WAgSk9.2","action":"Commit Response", "result":"Success", "context":Result: Success. cV=fnGgdZWzuevpsuc8WAgSk9.0;server=akswtt111000018;cloudType=Consumer;environment=Prod_southeastasia_prod-s01-064-apac-southeastasia;migrationStage=NotStarted}
{"logTime": "0223/111124", "correlationVector":"BZzMJYJD6n8mZIx9gRATa9","action":"Commit Request", "result":"", "context":Item count: 4
Contributing types: Sessions, History}
{"logTime": "0223/111126", "correlationVector":"BZzMJYJD6n8mZIx9gRATa9.1","action":"SyncServerConnectionManagerRequest", "result":"SYNC_SERVER_OK", "context":{"environment":"Prod_southeastasia_prod-s01-065-apac-southeastasia", "migrationStage":"NotStarted", "server":"akswtt11100000e"}}
{"logTime": "0223/111126", "correlationVector":"BZzMJYJD6n8mZIx9gRATa9.2","action":"Commit Response", "result":"Success", "context":Result: Success. cV=BZzMJYJD6n8mZIx9gRATa9.0;server=akswtt11100000e;cloudType=Consumer;environment=Prod_southeastasia_prod-s01-065-apac-southeastasia;migrationStage=NotStarted}
{"logTime": "0223/113207", "correlationVector":"++pXMmL8OjS4VB+EAU+Z9n","action":"Commit Request", "result":"", "context":Item count: 4
Contributing types: Preferences, Sessions, History}
{"logTime": "0223/113209", "correlationVector":"++pXMmL8OjS4VB+EAU+Z9n.1","action":"SyncServerConnectionManagerRequest", "result":"SYNC_SERVER_OK", "context":{"environment":"Prod_southeastasia_prod-s01-064-apac-southeastasia", "migrationStage":"NotStarted", "server":"akswtt111000008"}}
{"logTime": "0223/113209", "correlationVector":"++pXMmL8OjS4VB+EAU+Z9n.2","action":"Commit Response", "result":"Success", "context":Result: Success. cV=++pXMmL8OjS4VB+EAU+Z9n.0;server=akswtt111000008;cloudType=Consumer;environment=Prod_southeastasia_prod-s01-064-apac-southeastasia;migrationStage=NotStarted}
{"logTime": "0223/113309", "correlationVector":"h4U11bYIJ3RMgj8fOWYpQr","action":"Commit Request", "result":"", "context":Item count: 5
Contributing types: Sessions, History}
{"logTime": "0223/113311", "correlationVector":"h4U11bYIJ3RMgj8fOWYpQr.1","action":"SyncServerConnectionManagerRequest", "result":"SYNC_SERVER_OK", "context":{"environment":"Prod_southeastasia_prod-s01-064-apac-southeastasia", "migrationStage":"NotStarted", "server":"akswtt11100001i"}}
{"logTime": "0223/113311", "correlationVector":"h4U11bYIJ3RMgj8fOWYpQr.2","action":"Commit Response", "result":"Success", "context":Result: Success. cV=h4U11bYIJ3RMgj8fOWYpQr.0;server=akswtt11100001i;cloudType=Consumer;environment=Prod_southeastasia_prod-s01-064-apac-southeastasia;migrationStage=NotStarted}
{"logTime": "0223/113505", "correlationVector":"GRmKnzBahtyx/2DK/X7p53","action":"Commit Request", "result":"", "context":Item count: 3
Contributing types: Sessions, History}
{"logTime": "0223/113506", "correlationVector":"GRmKnzBahtyx/2DK/X7p53.1","action":"SyncServerConnectionManagerRequest", "result":"SYNC_SERVER_OK", "context":{"environment":"Prod_southeastasia_prod-s01-065-apac-southeastasia", "migrationStage":"NotStarted", "server":"akswtt111000022"}}
{"logTime": "0223/113506", "correlationVector":"GRmKnzBahtyx/2DK/X7p53.2","action":"Commit Response", "result":"Success", "context":Result: Success. cV=GRmKnzBahtyx/2DK/X7p53.0;server=akswtt111000022;cloudType=Consumer;environment=Prod_southeastasia_prod-s01-065-apac-southeastasia;migrationStage=NotStarted}
{"logTime": "0223/113628", "correlationVector":"vuth6rYJDmpPAxsJ7MXIlR","action":"Commit Request", "result":"", "context":Item count: 7
Contributing types: Sessions, History}
{"logTime": "0223/113629", "correlationVector":"vuth6rYJDmpPAxsJ7MXIlR.1","action":"SyncServerConnectionManagerRequest", "result":"SYNC_SERVER_OK", "context":{"environment":"Prod_southeastasia_prod-s01-064-apac-southeastasia", "migrationStage":"NotStarted", "server":"akswtt111000004"}}
{"logTime": "0223/113629", "correlationVector":"vuth6rYJDmpPAxsJ7MXIlR.2","action":"Commit Response", "result":"Success", "context":Result: Success. cV=vuth6rYJDmpPAxsJ7MXIlR.0;server=akswtt111000004;cloudType=Consumer;environment=Prod_southeastasia_prod-s01-064-apac-southeastasia;migrationStage=NotStarted}
{"logTime": "0223/114337", "correlationVector":"e7p50sbjxx2Bxxe+vwW6Pg","action":"Commit Request", "result":"", "context":Item count: 3
Contributing types: Sessions, History}
{"logTime": "0223/114338", "correlationVector":"e7p50sbjxx2Bxxe+vwW6Pg.1","action":"SyncServerConnectionManagerRequest", "result":"SYNC_SERVER_OK", "context":{"environment":"Prod_southeastasia_prod-s01-065-apac-southeastasia", "migrationStage":"NotStarted", "server":"akswtt11100000k"}}
{"logTime": "0223/114338", "correlationVector":"e7p50sbjxx2Bxxe+vwW6Pg.2","action":"Commit Response", "result":"Success", "context":Result: Success. cV=e7p50sbjxx2Bxxe+vwW6Pg.0;server=akswtt11100000k;cloudType=Consumer;environment=Prod_southeastasia_prod-s01-065-apac-southeastasia;migrationStage=NotStarted}
{"logTime": "0223/114439", "correlationVector":"yzANNoN2xLxO90pAtBk8RT","action":"Commit Request", "result":"", "context":Item count: 11
Contributing types: Sessions, History}
{"logTime": "0223/114441", "correlationVector":"yzANNoN2xLxO90pAtBk8RT.1","action":"SyncServerConnectionManagerRequest", "result":"SYNC_SERVER_OK", "context":{"environment":"Prod_southeastasia_prod-s01-065-apac-southeastasia", "migrationStage":"NotStarted", "server":"akswtt11100001u"}}
{"logTime": "0223/114441", "correlationVector":"yzANNoN2xLxO90pAtBk8RT.2","action":"Commit Response", "result":"Success", "context":Result: Success. cV=yzANNoN2xLxO90pAtBk8RT.0;server=akswtt11100001u;cloudType=Consumer;environment=Prod_southeastasia_prod-s01-065-apac-southeastasia;migrationStage=NotStarted}
{"logTime": "0223/115309", "correlationVector":"AKyIFUpOWiPURYZFjE2I3N","action":"Commit Request", "result":"", "context":Item count: 5
Contributing types: Sessions, History}
{"logTime": "0223/115311", "correlationVector":"AKyIFUpOWiPURYZFjE2I3N.1","action":"SyncServerConnectionManagerRequest", "result":"SYNC_SERVER_OK", "context":{"environment":"Prod_southeastasia_prod-s01-065-apac-southeastasia", "migrationStage":"NotStarted", "server":"akswtt111000022"}}
{"logTime": "0223/115311", "correlationVector":"AKyIFUpOWiPURYZFjE2I3N.2","action":"Commit Response", "result":"Success", "context":Result: Success. cV=AKyIFUpOWiPURYZFjE2I3N.0;server=akswtt111000022;cloudType=Consumer;environment=Prod_southeastasia_prod-s01-065-apac-southeastasia;migrationStage=NotStarted}
{"logTime": "0223/115652", "correlationVector":"DO42xKXQnz3gRuK8lN+sC3","action":"Commit Request", "result":"", "context":Item count: 4
Contributing types: Sessions, History}
{"logTime": "0223/115654", "correlationVector":"DO42xKXQnz3gRuK8lN+sC3.1","action":"SyncServerConnectionManagerRequest", "result":"SYNC_SERVER_OK", "context":{"environment":"Prod_southeastasia_prod-s01-065-apac-southeastasia", "migrationStage":"NotStarted", "server":"akswtt111000020"}}
{"logTime": "0223/115654", "correlationVector":"DO42xKXQnz3gRuK8lN+sC3.2","action":"Commit Response", "result":"Success", "context":Result: Success. cV=DO42xKXQnz3gRuK8lN+sC3.0;server=akswtt111000020;cloudType=Consumer;environment=Prod_southeastasia_prod-s01-065-apac-southeastasia;migrationStage=NotStarted}
{"logTime": "0223/115758", "correlationVector":"l0Ksc2iXZTjIe28xEqrJjf","action":"Commit Request", "result":"", "context":Item count: 8
Contributing types: Sessions, History}
{"logTime": "0223/115759", "correlationVector":"l0Ksc2iXZTjIe28xEqrJjf.1","action":"SyncServerConnectionManagerRequest", "result":"SYNC_SERVER_OK", "context":{"environment":"Prod_southeastasia_prod-s01-065-apac-southeastasia", "migrationStage":"NotStarted", "server":"akswtt111000001"}}
{"logTime": "0223/115759", "correlationVector":"l0Ksc2iXZTjIe28xEqrJjf.2","action":"Commit Response", "result":"Success", "context":Result: Success. cV=l0Ksc2iXZTjIe28xEqrJjf.0;server=akswtt111000001;cloudType=Consumer;environment=Prod_southeastasia_prod-s01-065-apac-southeastasia;migrationStage=NotStarted}
{"logTime": "0223/115859", "correlationVector":"CkCedJtHsnOQ0gqMJnnztb","action":"Commit Request", "result":"", "context":Item count: 8
Contributing types: Sessions, History}
{"logTime": "0223/115902", "correlationVector":"CkCedJtHsnOQ0gqMJnnztb.1","action":"SyncServerConnectionManagerRequest", "result":"SYNC_SERVER_OK", "context":{"environment":"Prod_southeastasia_prod-s01-065-apac-southeastasia", "migrationStage":"NotStarted", "server":"akswtt11100000b"}}
{"logTime": "0223/115902", "correlationVector":"CkCedJtHsnOQ0gqMJnnztb.2","action":"Commit Response", "result":"Success", "context":Result: Success. cV=CkCedJtHsnOQ0gqMJnnztb.0;server=akswtt11100000b;cloudType=Consumer;environment=Prod_southeastasia_prod-s01-065-apac-southeastasia;migrationStage=NotStarted}
{"logTime": "0223/120021", "correlationVector":"P+pGv4wIhWjJi1pOGI5k5k","action":"Normal GetUpdate request", "result":"", "context":cV=P+pGv4wIhWjJi1pOGI5k5k
Notified types: Bookmarks, History}
{"logTime": "0223/120023", "correlationVector":"P+pGv4wIhWjJi1pOGI5k5k.1","action":"SyncServerConnectionManagerRequest", "result":"SYNC_SERVER_OK", "context":{"environment":"Prod_southeastasia_prod-s01-065-apac-southeastasia", "migrationStage":"NotStarted", "server":"akswtt111000019"}}
{"logTime": "0223/120023", "correlationVector":"P+pGv4wIhWjJi1pOGI5k5k.2","action":"ProcessGetUpdates", "result":"Done", "context":{"dataType":"Bookmarks", "deleted":"0", "process_failed_to_decrypt":"0", "process_pending_decryption":"0", "process_success":"1", "total":"1"}}
{"logTime": "0223/120023", "correlationVector":"P+pGv4wIhWjJi1pOGI5k5k.3","action":"ProcessGetUpdates", "result":"Done", "context":{"dataType":"Preferences", "deleted":"0", "process_failed_to_decrypt":"0", "process_pending_decryption":"0", "process_success":"2", "total":"2"}}
{"logTime": "0223/120023", "correlationVector":"P+pGv4wIhWjJi1pOGI5k5k.4","action":"ProcessGetUpdates", "result":"Done", "context":{"dataType":"Sessions", "deleted":"0", "process_failed_to_decrypt":"0", "process_pending_decryption":"0", "process_success":"4", "total":"4"}}
{"logTime": "0223/120023", "correlationVector":"P+pGv4wIhWjJi1pOGI5k5k.5","action":"ProcessGetUpdates", "result":"Done", "context":{"dataType":"History", "deleted":"0", "process_failed_to_decrypt":"0", "process_pending_decryption":"0", "process_success":"64", "total":"64"}}
{"logTime": "0223/120023", "correlationVector":"P+pGv4wIhWjJi1pOGI5k5k.6","action":"GetUpdates Response", "result":"Success", "context":Received 71 update(s). cV=P+pGv4wIhWjJi1pOGI5k5k.0;server=akswtt111000019;cloudType=Consumer;environment=Prod_southeastasia_prod-s01-065-apac-southeastasia;migrationStage=NotStarted}
{"logTime": "0223/120146", "correlationVector":"SUokyTA+5XvYtFVaW/DTIx","action":"Normal GetUpdate request", "result":"", "context":cV=SUokyTA+5XvYtFVaW/DTIx
Notified types: History}
{"logTime": "0223/120147", "correlationVector":"SUokyTA+5XvYtFVaW/DTIx.1","action":"SyncServerConnectionManagerRequest", "result":"SYNC_SERVER_OK", "context":{"environment":"Prod_southeastasia_prod-s01-065-apac-southeastasia", "migrationStage":"NotStarted", "server":"akswtt11100001u"}}
{"logTime": "0223/120147", "correlationVector":"SUokyTA+5XvYtFVaW/DTIx.2","action":"ProcessGetUpdates", "result":"Done", "context":{"dataType":"Sessions", "deleted":"0", "process_failed_to_decrypt":"0", "process_pending_decryption":"0", "process_success":"1", "total":"1"}}
{"logTime": "0223/120147", "correlationVector":"SUokyTA+5XvYtFVaW/DTIx.3","action":"ProcessGetUpdates", "result":"Done", "context":{"dataType":"History", "deleted":"0", "process_failed_to_decrypt":"0", "process_pending_decryption":"0", "process_success":"6", "total":"6"}}
{"logTime": "0223/120147", "correlationVector":"SUokyTA+5XvYtFVaW/DTIx.4","action":"GetUpdates Response", "result":"Success", "context":Received 7 update(s). cV=SUokyTA+5XvYtFVaW/DTIx.0;server=akswtt11100001u;cloudType=Consumer;environment=Prod_southeastasia_prod-s01-065-apac-southeastasia;migrationStage=NotStarted}
{"logTime": "0223/120233", "correlationVector":"m5AgYhXyGw8U+GQDB7YMIc","action":"Normal GetUpdate request", "result":"", "context":cV=m5AgYhXyGw8U+GQDB7YMIc
Notified types: History}
{"logTime": "0223/120234", "correlationVector":"m5AgYhXyGw8U+GQDB7YMIc.1","action":"SyncServerConnectionManagerRequest", "result":"SYNC_SERVER_OK", "context":{"environment":"Prod_southeastasia_prod-s01-065-apac-southeastasia", "migrationStage":"NotStarted", "server":"akswtt11100001k"}}
{"logTime": "0223/120234", "correlationVector":"m5AgYhXyGw8U+GQDB7YMIc.2","action":"ProcessGetUpdates", "result":"Done", "context":{"dataType":"Sessions", "deleted":"0", "process_failed_to_decrypt":"0", "process_pending_decryption":"0", "process_success":"1", "total":"1"}}
{"logTime": "0223/120234", "correlationVector":"m5AgYhXyGw8U+GQDB7YMIc.3","action":"ProcessGetUpdates", "result":"Done", "context":{"dataType":"History", "deleted":"0", "process_failed_to_decrypt":"0", "process_pending_decryption":"0", "process_success":"10", "total":"10"}}
{"logTime": "0223/120234", "correlationVector":"m5AgYhXyGw8U+GQDB7YMIc.4","action":"GetUpdates Response", "result":"Success", "context":Received 11 update(s). cV=m5AgYhXyGw8U+GQDB7YMIc.0;server=akswtt11100001k;cloudType=Consumer;environment=Prod_southeastasia_prod-s01-065-apac-southeastasia;migrationStage=NotStarted}
{"logTime": "0223/120246", "correlationVector":"51AQpZJ6iDxutBZZNIHOGc","action":"Normal GetUpdate request", "result":"", "context":cV=51AQpZJ6iDxutBZZNIHOGc
Notified types: Autofill}
{"logTime": "0223/120247", "correlationVector":"51AQpZJ6iDxutBZZNIHOGc.1","action":"SyncServerConnectionManagerRequest", "result":"SYNC_SERVER_OK", "context":{"environment":"Prod_southeastasia_prod-s01-065-apac-southeastasia", "migrationStage":"NotStarted", "server":"akswtt11100001t"}}
{"logTime": "0223/120247", "correlationVector":"51AQpZJ6iDxutBZZNIHOGc.2","action":"ProcessGetUpdates", "result":"Done", "context":{"dataType":"Autofill", "deleted":"0", "process_failed_to_decrypt":"0", "process_pending_decryption":"0", "process_success":"2", "total":"2"}}
{"logTime": "0223/120247", "correlationVector":"51AQpZJ6iDxutBZZNIHOGc.3","action":"GetUpdates Response", "result":"Success", "context":Received 2 update(s). cV=51AQpZJ6iDxutBZZNIHOGc.0;server=akswtt11100001t;cloudType=Consumer;environment=Prod_southeastasia_prod-s01-065-apac-southeastasia;migrationStage=NotStarted}
{"logTime": "0223/120354", "correlationVector":"yTfX41Nxh8pnrQI2VgSKUa","action":"Normal GetUpdate request", "result":"", "context":cV=yTfX41Nxh8pnrQI2VgSKUa
Notified types: History}
{"logTime": "0223/120355", "correlationVector":"yTfX41Nxh8pnrQI2VgSKUa.1","action":"SyncServerConnectionManagerRequest", "result":"SYNC_SERVER_OK", "context":{"environment":"Prod_southeastasia_prod-s01-064-apac-southeastasia", "migrationStage":"NotStarted", "server":"akswtt111000017"}}
{"logTime": "0223/120355", "correlationVector":"yTfX41Nxh8pnrQI2VgSKUa.2","action":"ProcessGetUpdates", "result":"Done", "context":{"dataType":"Sessions", "deleted":"0", "process_failed_to_decrypt":"0", "process_pending_decryption":"0", "process_success":"1", "total":"1"}}
{"logTime": "0223/120355", "correlationVector":"yTfX41Nxh8pnrQI2VgSKUa.3","action":"ProcessGetUpdates", "result":"Done", "context":{"dataType":"History", "deleted":"0", "process_failed_to_decrypt":"0", "process_pending_decryption":"0", "process_success":"15", "total":"15"}}
{"logTime": "0223/120355", "correlationVector":"yTfX41Nxh8pnrQI2VgSKUa.4","action":"GetUpdates Response", "result":"Success", "context":Received 16 update(s). cV=yTfX41Nxh8pnrQI2VgSKUa.0;server=akswtt111000017;cloudType=Consumer;environment=Prod_southeastasia_prod-s01-064-apac-southeastasia;migrationStage=NotStarted}
{"logTime": "0223/120356", "correlationVector":"P8R6+yUUqH27iG6W0AIrhh","action":"Normal GetUpdate request", "result":"", "context":cV=P8R6+yUUqH27iG6W0AIrhh
Notified types: Preferences, Device Info, History}
{"logTime": "0223/120356", "correlationVector":"P8R6+yUUqH27iG6W0AIrhh.1","action":"SyncServerConnectionManagerRequest", "result":"SYNC_SERVER_OK", "context":{"environment":"Prod_southeastasia_prod-s01-064-apac-southeastasia", "migrationStage":"NotStarted", "server":"akswtt111000000"}}
{"logTime": "0223/120356", "correlationVector":"P8R6+yUUqH27iG6W0AIrhh.2","action":"ProcessGetUpdates", "result":"Done", "context":{"dataType":"Preferences", "deleted":"0", "process_failed_to_decrypt":"0", "process_pending_decryption":"0", "process_success":"2", "total":"2"}}
{"logTime": "0223/120356", "correlationVector":"P8R6+yUUqH27iG6W0AIrhh.3","action":"ProcessGetUpdates", "result":"Done", "context":{"dataType":"Sessions", "deleted":"0", "process_failed_to_decrypt":"0", "process_pending_decryption":"0", "process_success":"1", "total":"1"}}
{"logTime": "0223/120356", "correlationVector":"P8R6+yUUqH27iG6W0AIrhh.4","action":"ProcessGetUpdates", "result":"Done", "context":{"dataType":"Device Info", "deleted":"0", "process_failed_to_decrypt":"0", "process_pending_decryption":"0", "process_success":"1", "total":"1"}}
{"logTime": "0223/120356", "correlationVector":"P8R6+yUUqH27iG6W0AIrhh.5","action":"ProcessGetUpdates", "result":"Done", "context":{"dataType":"History", "deleted":"0", "process_failed_to_decrypt":"0", "process_pending_decryption":"0", "process_success":"2", "total":"2"}}
{"logTime": "0223/120356", "correlationVector":"P8R6+yUUqH27iG6W0AIrhh.6","action":"GetUpdates Response", "result":"Success", "context":Received 6 update(s). cV=P8R6+yUUqH27iG6W0AIrhh.0;server=akswtt111000000;cloudType=Consumer;environment=Prod_southeastasia_prod-s01-064-apac-southeastasia;migrationStage=NotStarted}
{"logTime": "0223/120411", "correlationVector":"w/K1heaWFmMj/cPLC8FuwQ","action":"Normal GetUpdate request", "result":"", "context":cV=w/K1heaWFmMj/cPLC8FuwQ
Notified types: Bookmarks, History}
{"logTime": "0223/120411", "correlationVector":"w/K1heaWFmMj/cPLC8FuwQ.1","action":"SyncServerConnectionManagerRequest", "result":"SYNC_SERVER_OK", "context":{"environment":"Prod_southeastasia_prod-s01-064-apac-southeastasia", "migrationStage":"NotStarted", "server":"akswtt11100000l"}}
{"logTime": "0223/120411", "correlationVector":"w/K1heaWFmMj/cPLC8FuwQ.2","action":"ProcessGetUpdates", "result":"Done", "context":{"dataType":"Bookmarks", "deleted":"0", "process_failed_to_decrypt":"0", "process_pending_decryption":"0", "process_success":"1", "total":"1"}}
{"logTime": "0223/120411", "correlationVector":"w/K1heaWFmMj/cPLC8FuwQ.3","action":"ProcessGetUpdates", "result":"Done", "context":{"dataType":"Sessions", "deleted":"0", "process_failed_to_decrypt":"0", "process_pending_decryption":"0", "process_success":"2", "total":"2"}}
{"logTime": "0223/120411", "correlationVector":"w/K1heaWFmMj/cPLC8FuwQ.4","action":"ProcessGetUpdates", "result":"Done", "context":{"dataType":"History", "deleted":"0", "process_failed_to_decrypt":"0", "process_pending_decryption":"0", "process_success":"1", "total":"1"}}
{"logTime": "0223/120411", "correlationVector":"w/K1heaWFmMj/cPLC8FuwQ.5","action":"GetUpdates Response", "result":"Success", "context":Received 4 update(s). cV=w/K1heaWFmMj/cPLC8FuwQ.0;server=akswtt11100000l;cloudType=Consumer;environment=Prod_southeastasia_prod-s01-064-apac-southeastasia;migrationStage=NotStarted}
{"logTime": "0223/120416", "correlationVector":"Y5G4y2owQ6XZyn/p7Cbs7x","action":"Normal GetUpdate request", "result":"", "context":cV=Y5G4y2owQ6XZyn/p7Cbs7x
Notified types: Preferences, Device Info, History}
{"logTime": "0223/120416", "correlationVector":"Y5G4y2owQ6XZyn/p7Cbs7x.1","action":"SyncServerConnectionManagerRequest", "result":"SYNC_SERVER_OK", "context":{"environment":"Prod_southeastasia_prod-s01-064-apac-southeastasia", "migrationStage":"NotStarted", "server":"akswtt11100001i"}}
{"logTime": "0223/120416", "correlationVector":"Y5G4y2owQ6XZyn/p7Cbs7x.2","action":"ProcessGetUpdates", "result":"Done", "context":{"dataType":"Preferences", "deleted":"0", "process_failed_to_decrypt":"0", "process_pending_decryption":"0", "process_success":"1", "total":"1"}}
{"logTime": "0223/120416", "correlationVector":"Y5G4y2owQ6XZyn/p7Cbs7x.3","action":"ProcessGetUpdates", "result":"Done", "context":{"dataType":"Sessions", "deleted":"0", "process_failed_to_decrypt":"0", "process_pending_decryption":"0", "process_success":"1", "total":"1"}}
{"logTime": "0223/120416", "correlationVector":"Y5G4y2owQ6XZyn/p7Cbs7x.4","action":"ProcessGetUpdates", "result":"Done", "context":{"dataType":"Device Info", "deleted":"0", "process_failed_to_decrypt":"0", "process_pending_decryption":"0", "process_success":"1", "total":"1"}}
{"logTime": "0223/120416", "correlationVector":"Y5G4y2owQ6XZyn/p7Cbs7x.5","action":"ProcessGetUpdates", "result":"Done", "context":{"dataType":"History", "deleted":"0", "process_failed_to_decrypt":"0", "process_pending_decryption":"0", "process_success":"3", "total":"3"}}
{"logTime": "0223/120416", "correlationVector":"Y5G4y2owQ6XZyn/p7Cbs7x.6","action":"GetUpdates Response", "result":"Success", "context":Received 6 update(s). cV=Y5G4y2owQ6XZyn/p7Cbs7x.0;server=akswtt11100001i;cloudType=Consumer;environment=Prod_southeastasia_prod-s01-064-apac-southeastasia;migrationStage=NotStarted}
{"logTime": "0223/120426", "correlationVector":"xwsbrgdq0hTytdwy3mHuhe","action":"Normal GetUpdate request", "result":"", "context":cV=xwsbrgdq0hTytdwy3mHuhe
Notified types: Preferences}
{"logTime": "0223/120426", "correlationVector":"xwsbrgdq0hTytdwy3mHuhe.1","action":"SyncServerConnectionManagerRequest", "result":"SYNC_SERVER_OK", "context":{"environment":"Prod_southeastasia_prod-s01-064-apac-southeastasia", "migrationStage":"NotStarted", "server":"akswtt11100001b"}}
{"logTime": "0223/120426", "correlationVector":"xwsbrgdq0hTytdwy3mHuhe.2","action":"ProcessGetUpdates", "result":"Done", "context":{"dataType":"Preferences", "deleted":"0", "process_failed_to_decrypt":"0", "process_pending_decryption":"0", "process_success":"1", "total":"1"}}
{"logTime": "0223/120426", "correlationVector":"xwsbrgdq0hTytdwy3mHuhe.3","action":"ProcessGetUpdates", "result":"Done", "context":{"dataType":"Sessions", "deleted":"0", "process_failed_to_decrypt":"0", "process_pending_decryption":"0", "process_success":"1", "total":"1"}}
{"logTime": "0223/120426", "correlationVector":"xwsbrgdq0hTytdwy3mHuhe.4","action":"GetUpdates Response", "result":"Success", "context":Received 2 update(s). cV=xwsbrgdq0hTytdwy3mHuhe.0;server=akswtt11100001b;cloudType=Consumer;environment=Prod_southeastasia_prod-s01-064-apac-southeastasia;migrationStage=NotStarted}
{"logTime": "0223/120551", "correlationVector":"9Y5W3pH51W3OocJzX6+GQ9","action":"Normal GetUpdate request", "result":"", "context":cV=9Y5W3pH51W3OocJzX6+GQ9
Nudged types: Sessions
Notified types: History}
{"logTime": "0223/120552", "correlationVector":"9Y5W3pH51W3OocJzX6+GQ9.1","action":"SyncServerConnectionManagerRequest", "result":"SYNC_SERVER_OK", "context":{"environment":"Prod_southeastasia_prod-s01-065-apac-southeastasia", "migrationStage":"NotStarted", "server":"akswtt11100000b"}}
{"logTime": "0223/120552", "correlationVector":"9Y5W3pH51W3OocJzX6+GQ9.2","action":"ProcessGetUpdates", "result":"Done", "context":{"dataType":"Sessions", "deleted":"0", "process_failed_to_decrypt":"0", "process_pending_decryption":"0", "process_success":"3", "total":"3"}}
{"logTime": "0223/120552", "correlationVector":"9Y5W3pH51W3OocJzX6+GQ9.3","action":"ProcessGetUpdates", "result":"Done", "context":{"dataType":"History", "deleted":"0", "process_failed_to_decrypt":"0", "process_pending_decryption":"0", "process_success":"6", "total":"6"}}
{"logTime": "0223/120552", "correlationVector":"9Y5W3pH51W3OocJzX6+GQ9.4","action":"GetUpdates Response", "result":"Success", "context":Received 9 update(s). cV=9Y5W3pH51W3OocJzX6+GQ9.0;server=akswtt11100000b;cloudType=Consumer;environment=Prod_southeastasia_prod-s01-065-apac-southeastasia;migrationStage=NotStarted}
{"logTime": "0223/120552", "correlationVector":"ekL9hEocv7gP22U4y5loEm","action":"Commit Request", "result":"", "context":Item count: 1
Contributing types: Sessions}
{"logTime": "0223/120552", "correlationVector":"ekL9hEocv7gP22U4y5loEm.1","action":"SyncServerConnectionManagerRequest", "result":"SYNC_SERVER_OK", "context":{"environment":"Prod_southeastasia_prod-s01-065-apac-southeastasia", "migrationStage":"NotStarted", "server":"akswtt11100001k"}}
{"logTime": "0223/120552", "correlationVector":"ekL9hEocv7gP22U4y5loEm.2","action":"Commit Response", "result":"Success", "context":Result: Success. cV=ekL9hEocv7gP22U4y5loEm.0;server=akswtt11100001k;cloudType=Consumer;environment=Prod_southeastasia_prod-s01-065-apac-southeastasia;migrationStage=NotStarted}
{"logTime": "0223/120603", "correlationVector":"rsyr3zlolClf9BSL/PATfb","action":"Normal GetUpdate request", "result":"", "context":cV=rsyr3zlolClf9BSL/PATfb
Nudged types: Sessions
Notified types: Device Info, History}
{"logTime": "0223/120604", "correlationVector":"rsyr3zlolClf9BSL/PATfb.1","action":"SyncServerConnectionManagerRequest", "result":"SYNC_SERVER_OK", "context":{"environment":"Prod_southeastasia_prod-s01-065-apac-southeastasia", "migrationStage":"NotStarted", "server":"akswtt111000010"}}
{"logTime": "0223/120604", "correlationVector":"rsyr3zlolClf9BSL/PATfb.2","action":"ProcessGetUpdates", "result":"Done", "context":{"dataType":"Sessions", "deleted":"1", "process_failed_to_decrypt":"0", "process_pending_decryption":"0", "process_success":"4", "total":"4"}}
{"logTime": "0223/120604", "correlationVector":"rsyr3zlolClf9BSL/PATfb.3","action":"ProcessGetUpdates", "result":"Done", "context":{"dataType":"Device Info", "deleted":"0", "process_failed_to_decrypt":"0", "process_pending_decryption":"0", "process_success":"1", "total":"1"}}
{"logTime": "0223/120604", "correlationVector":"rsyr3zlolClf9BSL/PATfb.4","action":"ProcessGetUpdates", "result":"Done", "context":{"dataType":"History", "deleted":"0", "process_failed_to_decrypt":"0", "process_pending_decryption":"0", "process_success":"3", "total":"3"}}
{"logTime": "0223/120604", "correlationVector":"rsyr3zlolClf9BSL/PATfb.5","action":"GetUpdates Response", "result":"Success", "context":Received 8 update(s). cV=rsyr3zlolClf9BSL/PATfb.0;server=akswtt111000010;cloudType=Consumer;environment=Prod_southeastasia_prod-s01-065-apac-southeastasia;migrationStage=NotStarted}
{"logTime": "0223/120722", "correlationVector":"KTgFBapdh1Pwg/zLNUfGFy","action":"Normal GetUpdate request", "result":"", "context":cV=KTgFBapdh1Pwg/zLNUfGFy
Notified types: History}
{"logTime": "0223/120723", "correlationVector":"KTgFBapdh1Pwg/zLNUfGFy.1","action":"SyncServerConnectionManagerRequest", "result":"SYNC_SERVER_OK", "context":{"environment":"Prod_southeastasia_prod-s01-065-apac-southeastasia", "migrationStage":"NotStarted", "server":"akswtt111000001"}}
{"logTime": "0223/120723", "correlationVector":"KTgFBapdh1Pwg/zLNUfGFy.2","action":"ProcessGetUpdates", "result":"Done", "context":{"dataType":"Sessions", "deleted":"0", "process_failed_to_decrypt":"0", "process_pending_decryption":"0", "process_success":"3", "total":"3"}}
{"logTime": "0223/120723", "correlationVector":"KTgFBapdh1Pwg/zLNUfGFy.3","action":"ProcessGetUpdates", "result":"Done", "context":{"dataType":"History", "deleted":"0", "process_failed_to_decrypt":"0", "process_pending_decryption":"0", "process_success":"6", "total":"6"}}
{"logTime": "0223/120723", "correlationVector":"KTgFBapdh1Pwg/zLNUfGFy.4","action":"GetUpdates Response", "result":"Success", "context":Received 9 update(s). cV=KTgFBapdh1Pwg/zLNUfGFy.0;server=akswtt111000001;cloudType=Consumer;environment=Prod_southeastasia_prod-s01-065-apac-southeastasia;migrationStage=NotStarted}
{"logTime": "0223/121053", "correlationVector":"R4EhmYH2/mrchZ1/rMeUd0","action":"Commit Request", "result":"", "context":Item count: 4
Contributing types: Sessions, History}
{"logTime": "0223/121054", "correlationVector":"R4EhmYH2/mrchZ1/rMeUd0.1","action":"SyncServerConnectionManagerRequest", "result":"SYNC_SERVER_OK", "context":{"environment":"Prod_southeastasia_prod-s01-065-apac-southeastasia", "migrationStage":"NotStarted", "server":"akswtt11100001t"}}
{"logTime": "0223/121054", "correlationVector":"R4EhmYH2/mrchZ1/rMeUd0.2","action":"Commit Response", "result":"Success", "context":Result: Success. cV=R4EhmYH2/mrchZ1/rMeUd0.0;server=akswtt11100001t;cloudType=Consumer;environment=Prod_southeastasia_prod-s01-065-apac-southeastasia;migrationStage=NotStarted}
{"logTime": "0223/121207", "correlationVector":"QF27xXbdnvTmWAU/3VYy6o","action":"Commit Request", "result":"", "context":Item count: 5
Contributing types: Sessions, History}
{"logTime": "0223/121209", "correlationVector":"QF27xXbdnvTmWAU/3VYy6o.1","action":"SyncServerConnectionManagerRequest", "result":"SYNC_SERVER_OK", "context":{"environment":"Prod_southeastasia_prod-s01-065-apac-southeastasia", "migrationStage":"NotStarted", "server":"akswtt111000019"}}
{"logTime": "0223/121209", "correlationVector":"QF27xXbdnvTmWAU/3VYy6o.2","action":"Commit Response", "result":"Success", "context":Result: Success. cV=QF27xXbdnvTmWAU/3VYy6o.0;server=akswtt111000019;cloudType=Consumer;environment=Prod_southeastasia_prod-s01-065-apac-southeastasia;migrationStage=NotStarted}
{"logTime": "0223/121333", "correlationVector":"e86aRo5BX1+VsgNpZXpNzY","action":"Commit Request", "result":"", "context":Item count: 8
Contributing types: Sessions, History}
{"logTime": "0223/121349", "correlationVector":"e86aRo5BX1+VsgNpZXpNzY.1","action":"SyncServerConnectionManagerRequest", "result":"SYNC_SERVER_OK", "context":{"environment":"Prod_southeastasia_prod-s01-065-apac-southeastasia", "migrationStage":"NotStarted", "server":"akswtt11100001i"}}
{"logTime": "0223/121349", "correlationVector":"e86aRo5BX1+VsgNpZXpNzY.2","action":"Commit Response", "result":"Success", "context":Result: Success. cV=e86aRo5BX1+VsgNpZXpNzY.0;server=akswtt11100001i;cloudType=Consumer;environment=Prod_southeastasia_prod-s01-065-apac-southeastasia;migrationStage=NotStarted}
{"logTime": "0223/121350", "correlationVector":"PGceyu4LW/oAimANtxBo3j","action":"Normal GetUpdate request", "result":"", "context":cV=PGceyu4LW/oAimANtxBo3j
Notified types: Preferences, Device Info, History}
{"logTime": "0223/121350", "correlationVector":"PGceyu4LW/oAimANtxBo3j.1","action":"SyncServerConnectionManagerRequest", "result":"SYNC_SERVER_OK", "context":{"environment":"Prod_southeastasia_prod-s01-065-apac-southeastasia", "migrationStage":"NotStarted", "server":"akswtt11100001h"}}
{"logTime": "0223/121350", "correlationVector":"PGceyu4LW/oAimANtxBo3j.2","action":"ProcessGetUpdates", "result":"Done", "context":{"dataType":"Preferences", "deleted":"0", "process_failed_to_decrypt":"0", "process_pending_decryption":"0", "process_success":"2", "total":"2"}}
{"logTime": "0223/121350", "correlationVector":"PGceyu4LW/oAimANtxBo3j.3","action":"ProcessGetUpdates", "result":"Done", "context":{"dataType":"Sessions", "deleted":"1", "process_failed_to_decrypt":"0", "process_pending_decryption":"0", "process_success":"6", "total":"6"}}
{"logTime": "0223/121350", "correlationVector":"PGceyu4LW/oAimANtxBo3j.4","action":"ProcessGetUpdates", "result":"Done", "context":{"dataType":"Device Info", "deleted":"0", "process_failed_to_decrypt":"0", "process_pending_decryption":"0", "process_success":"1", "total":"1"}}
{"logTime": "0223/121350", "correlationVector":"PGceyu4LW/oAimANtxBo3j.5","action":"ProcessGetUpdates", "result":"Done", "context":{"dataType":"History", "deleted":"0", "process_failed_to_decrypt":"0", "process_pending_decryption":"0", "process_success":"15", "total":"15"}}
{"logTime": "0223/121350", "correlationVector":"PGceyu4LW/oAimANtxBo3j.6","action":"GetUpdates Response", "result":"Success", "context":Received 24 update(s). cV=PGceyu4LW/oAimANtxBo3j.0;server=akswtt11100001h;cloudType=Consumer;environment=Prod_southeastasia_prod-s01-065-apac-southeastasia;migrationStage=NotStarted}
{"logTime": "0223/121351", "correlationVector":"+DAlnrs2KweqtUqQ9t5oqx","action":"Normal GetUpdate request", "result":"", "context":cV=+DAlnrs2KweqtUqQ9t5oqx
Notified types: Preferences, Device Info, History}
{"logTime": "0223/121352", "correlationVector":"+DAlnrs2KweqtUqQ9t5oqx.1","action":"SyncServerConnectionManagerRequest", "result":"SYNC_SERVER_OK", "context":{"environment":"Prod_southeastasia_prod-s01-065-apac-southeastasia", "migrationStage":"NotStarted", "server":"akswtt11100000m"}}
{"logTime": "0223/121352", "correlationVector":"+DAlnrs2KweqtUqQ9t5oqx.2","action":"ProcessGetUpdates", "result":"Done", "context":{"dataType":"Preferences", "deleted":"0", "process_failed_to_decrypt":"0", "process_pending_decryption":"0", "process_success":"1", "total":"1"}}
{"logTime": "0223/121352", "correlationVector":"+DAlnrs2KweqtUqQ9t5oqx.3","action":"ProcessGetUpdates", "result":"Done", "context":{"dataType":"Sessions", "deleted":"0", "process_failed_to_decrypt":"0", "process_pending_decryption":"0", "process_success":"2", "total":"2"}}
{"logTime": "0223/121352", "correlationVector":"+DAlnrs2KweqtUqQ9t5oqx.4","action":"ProcessGetUpdates", "result":"Done", "context":{"dataType":"Device Info", "deleted":"0", "process_failed_to_decrypt":"0", "process_pending_decryption":"0", "process_success":"1", "total":"1"}}
{"logTime": "0223/121352", "correlationVector":"+DAlnrs2KweqtUqQ9t5oqx.5","action":"ProcessGetUpdates", "result":"Done", "context":{"dataType":"History", "deleted":"0", "process_failed_to_decrypt":"0", "process_pending_decryption":"0", "process_success":"2", "total":"2"}}
{"logTime": "0223/121352", "correlationVector":"+DAlnrs2KweqtUqQ9t5oqx.6","action":"GetUpdates Response", "result":"Success", "context":Received 6 update(s). cV=+DAlnrs2KweqtUqQ9t5oqx.0;server=akswtt11100000m;cloudType=Consumer;environment=Prod_southeastasia_prod-s01-065-apac-southeastasia;migrationStage=NotStarted}
{"logTime": "0223/121352", "correlationVector":"OyZWPeD6kqB0gdqF5Au5g3","action":"Normal GetUpdate request", "result":"", "context":cV=OyZWPeD6kqB0gdqF5Au5g3
Notified types: Preferences}
{"logTime": "0223/121353", "correlationVector":"OyZWPeD6kqB0gdqF5Au5g3.1","action":"SyncServerConnectionManagerRequest", "result":"SYNC_SERVER_OK", "context":{"environment":"Prod_southeastasia_prod-s01-065-apac-southeastasia", "migrationStage":"NotStarted", "server":"akswtt11100000g"}}
{"logTime": "0223/121353", "correlationVector":"OyZWPeD6kqB0gdqF5Au5g3.2","action":"ProcessGetUpdates", "result":"Done", "context":{"dataType":"Preferences", "deleted":"0", "process_failed_to_decrypt":"0", "process_pending_decryption":"0", "process_success":"1", "total":"1"}}
{"logTime": "0223/121353", "correlationVector":"OyZWPeD6kqB0gdqF5Au5g3.3","action":"GetUpdates Response", "result":"Success", "context":Received 1 update(s). cV=OyZWPeD6kqB0gdqF5Au5g3.0;server=akswtt11100000g;cloudType=Consumer;environment=Prod_southeastasia_prod-s01-065-apac-southeastasia;migrationStage=NotStarted}
{"logTime": "0223/121356", "correlationVector":"gPwd+RuxhXQ7ns7FRdUPs9","action":"Normal GetUpdate request", "result":"", "context":cV=gPwd+RuxhXQ7ns7FRdUPs9
Notified types: History}
{"logTime": "0223/121356", "correlationVector":"gPwd+RuxhXQ7ns7FRdUPs9.1","action":"SyncServerConnectionManagerRequest", "result":"SYNC_SERVER_OK", "context":{"environment":"Prod_southeastasia_prod-s01-065-apac-southeastasia", "migrationStage":"NotStarted", "server":"akswtt11100000m"}}
{"logTime": "0223/121356", "correlationVector":"gPwd+RuxhXQ7ns7FRdUPs9.2","action":"ProcessGetUpdates", "result":"Done", "context":{"dataType":"Sessions", "deleted":"0", "process_failed_to_decrypt":"0", "process_pending_decryption":"0", "process_success":"2", "total":"2"}}
{"logTime": "0223/121356", "correlationVector":"gPwd+RuxhXQ7ns7FRdUPs9.3","action":"ProcessGetUpdates", "result":"Done", "context":{"dataType":"History", "deleted":"0", "process_failed_to_decrypt":"0", "process_pending_decryption":"0", "process_success":"1", "total":"1"}}
{"logTime": "0223/121356", "correlationVector":"gPwd+RuxhXQ7ns7FRdUPs9.4","action":"GetUpdates Response", "result":"Success", "context":Received 3 update(s). cV=gPwd+RuxhXQ7ns7FRdUPs9.0;server=akswtt11100000m;cloudType=Consumer;environment=Prod_southeastasia_prod-s01-065-apac-southeastasia;migrationStage=NotStarted}
{"logTime": "0223/121435", "correlationVector":"oqC6Rk+GUFAFX7YkO5+4xY","action":"Normal GetUpdate request", "result":"", "context":cV=oqC6Rk+GUFAFX7YkO5+4xY
Notified types: Preferences, Device Info, History}
{"logTime": "0223/121436", "correlationVector":"oqC6Rk+GUFAFX7YkO5+4xY.1","action":"SyncServerConnectionManagerRequest", "result":"SYNC_SERVER_OK", "context":{"environment":"Prod_southeastasia_prod-s01-065-apac-southeastasia", "migrationStage":"NotStarted", "server":"akswtt11100001x"}}
{"logTime": "0223/121436", "correlationVector":"oqC6Rk+GUFAFX7YkO5+4xY.2","action":"ProcessGetUpdates", "result":"Done", "context":{"dataType":"Preferences", "deleted":"0", "process_failed_to_decrypt":"0", "process_pending_decryption":"0", "process_success":"1", "total":"1"}}
{"logTime": "0223/121436", "correlationVector":"oqC6Rk+GUFAFX7YkO5+4xY.3","action":"ProcessGetUpdates", "result":"Done", "context":{"dataType":"Sessions", "deleted":"0", "process_failed_to_decrypt":"0", "process_pending_decryption":"0", "process_success":"5", "total":"5"}}
{"logTime": "0223/121436", "correlationVector":"oqC6Rk+GUFAFX7YkO5+4xY.4","action":"ProcessGetUpdates", "result":"Done", "context":{"dataType":"Device Info", "deleted":"0", "process_failed_to_decrypt":"0", "process_pending_decryption":"0", "process_success":"1", "total":"1"}}
{"logTime": "0223/121436", "correlationVector":"oqC6Rk+GUFAFX7YkO5+4xY.5","action":"ProcessGetUpdates", "result":"Done", "context":{"dataType":"History", "deleted":"0", "process_failed_to_decrypt":"0", "process_pending_decryption":"0", "process_success":"4", "total":"4"}}
{"logTime": "0223/121436", "correlationVector":"oqC6Rk+GUFAFX7YkO5+4xY.6","action":"GetUpdates Response", "result":"Success", "context":Received 11 update(s). cV=oqC6Rk+GUFAFX7YkO5+4xY.0;server=akswtt11100001x;cloudType=Consumer;environment=Prod_southeastasia_prod-s01-065-apac-southeastasia;migrationStage=NotStarted}
{"logTime": "0223/121436", "correlationVector":"MgMpfSA99OpToSfaKzVG8U","action":"Normal GetUpdate request", "result":"", "context":cV=MgMpfSA99OpToSfaKzVG8U
Notified types: Preferences, Device Info, History}
{"logTime": "0223/121438", "correlationVector":"MgMpfSA99OpToSfaKzVG8U.1","action":"SyncServerConnectionManagerRequest", "result":"SYNC_SERVER_OK", "context":{"environment":"Prod_southeastasia_prod-s01-065-apac-southeastasia", "migrationStage":"NotStarted", "server":"akswtt11100000b"}}
{"logTime": "0223/121438", "correlationVector":"MgMpfSA99OpToSfaKzVG8U.2","action":"GetUpdates Response", "result":"Success", "context":Received 0 update(s). cV=MgMpfSA99OpToSfaKzVG8U.0;server=akswtt11100000b;cloudType=Consumer;environment=Prod_southeastasia_prod-s01-065-apac-southeastasia;migrationStage=NotStarted}
{"logTime": "0223/121540", "correlationVector":"0Nul/5aNUclVHmibhuKxiQ","action":"Normal GetUpdate request", "result":"", "context":cV=0Nul/5aNUclVHmibhuKxiQ
Notified types: History}
{"logTime": "0223/121541", "correlationVector":"0Nul/5aNUclVHmibhuKxiQ.1","action":"SyncServerConnectionManagerRequest", "result":"SYNC_SERVER_OK", "context":{"environment":"Prod_southeastasia_prod-s01-065-apac-southeastasia", "migrationStage":"NotStarted", "server":"akswtt11100001q"}}
{"logTime": "0223/121541", "correlationVector":"0Nul/5aNUclVHmibhuKxiQ.2","action":"ProcessGetUpdates", "result":"Done", "context":{"dataType":"Sessions", "deleted":"1", "process_failed_to_decrypt":"0", "process_pending_decryption":"0", "process_success":"6", "total":"6"}}
{"logTime": "0223/121541", "correlationVector":"0Nul/5aNUclVHmibhuKxiQ.3","action":"ProcessGetUpdates", "result":"Done", "context":{"dataType":"History", "deleted":"0", "process_failed_to_decrypt":"0", "process_pending_decryption":"0", "process_success":"5", "total":"5"}}
{"logTime": "0223/121541", "correlationVector":"0Nul/5aNUclVHmibhuKxiQ.4","action":"GetUpdates Response", "result":"Success", "context":Received 11 update(s). cV=0Nul/5aNUclVHmibhuKxiQ.0;server=akswtt11100001q;cloudType=Consumer;environment=Prod_southeastasia_prod-s01-065-apac-southeastasia;migrationStage=NotStarted}
{"logTime": "0223/121609", "correlationVector":"yMtPQdp9h6souPr1k6yZTz","action":"Normal GetUpdate request", "result":"", "context":cV=yMtPQdp9h6souPr1k6yZTz
Notified types: Device Info, History}
{"logTime": "0223/121609", "correlationVector":"yMtPQdp9h6souPr1k6yZTz.1","action":"SyncServerConnectionManagerRequest", "result":"SYNC_SERVER_OK", "context":{"environment":"Prod_southeastasia_prod-s01-065-apac-southeastasia", "migrationStage":"NotStarted", "server":"akswtt111000000"}}
{"logTime": "0223/121609", "correlationVector":"yMtPQdp9h6souPr1k6yZTz.2","action":"ProcessGetUpdates", "result":"Done", "context":{"dataType":"Sessions", "deleted":"0", "process_failed_to_decrypt":"0", "process_pending_decryption":"0", "process_success":"3", "total":"3"}}
{"logTime": "0223/121609", "correlationVector":"yMtPQdp9h6souPr1k6yZTz.3","action":"ProcessGetUpdates", "result":"Done", "context":{"dataType":"Device Info", "deleted":"0", "process_failed_to_decrypt":"0", "process_pending_decryption":"0", "process_success":"1", "total":"1"}}
{"logTime": "0223/121609", "correlationVector":"yMtPQdp9h6souPr1k6yZTz.4","action":"ProcessGetUpdates", "result":"Done", "context":{"dataType":"History", "deleted":"0", "process_failed_to_decrypt":"0", "process_pending_decryption":"0", "process_success":"1", "total":"1"}}
{"logTime": "0223/121609", "correlationVector":"yMtPQdp9h6souPr1k6yZTz.5","action":"GetUpdates Response", "result":"Success", "context":Received 5 update(s). cV=yMtPQdp9h6souPr1k6yZTz.0;server=akswtt111000000;cloudType=Consumer;environment=Prod_southeastasia_prod-s01-065-apac-southeastasia;migrationStage=NotStarted}
{"logTime": "0223/121710", "correlationVector":"aS58oBhfC3PsZBLk2PmLpH","action":"Commit Request", "result":"", "context":Item count: 7
Contributing types: Sessions, History}
{"logTime": "0223/121711", "correlationVector":"aS58oBhfC3PsZBLk2PmLpH.1","action":"SyncServerConnectionManagerRequest", "result":"SYNC_SERVER_OK", "context":{"environment":"Prod_southeastasia_prod-s01-065-apac-southeastasia", "migrationStage":"NotStarted", "server":"akswtt11100001r"}}
{"logTime": "0223/121711", "correlationVector":"aS58oBhfC3PsZBLk2PmLpH.2","action":"Commit Response", "result":"Success", "context":Result: Success. cV=aS58oBhfC3PsZBLk2PmLpH.0;server=akswtt11100001r;cloudType=Consumer;environment=Prod_southeastasia_prod-s01-065-apac-southeastasia;migrationStage=NotStarted}
{"logTime": "0223/121824", "correlationVector":"B+HbOIZfkxxX1P7DrRLH/N","action":"Normal GetUpdate request", "result":"", "context":cV=B+HbOIZfkxxX1P7DrRLH/N
Nudged types: Sessions, History
Notified types: History}
{"logTime": "0223/121825", "correlationVector":"B+HbOIZfkxxX1P7DrRLH/N.1","action":"SyncServerConnectionManagerRequest", "result":"SYNC_SERVER_OK", "context":{"environment":"Prod_southeastasia_prod-s01-064-apac-southeastasia", "migrationStage":"NotStarted", "server":"akswtt111000000"}}
{"logTime": "0223/121825", "correlationVector":"B+HbOIZfkxxX1P7DrRLH/N.2","action":"ProcessGetUpdates", "result":"Done", "context":{"dataType":"Sessions", "deleted":"1", "process_failed_to_decrypt":"0", "process_pending_decryption":"0", "process_success":"6", "total":"6"}}
{"logTime": "0223/121825", "correlationVector":"B+HbOIZfkxxX1P7DrRLH/N.3","action":"ProcessGetUpdates", "result":"Done", "context":{"dataType":"History", "deleted":"0", "process_failed_to_decrypt":"0", "process_pending_decryption":"0", "process_success":"7", "total":"7"}}
{"logTime": "0223/121825", "correlationVector":"B+HbOIZfkxxX1P7DrRLH/N.4","action":"GetUpdates Response", "result":"Success", "context":Received 13 update(s). cV=B+HbOIZfkxxX1P7DrRLH/N.0;server=akswtt111000000;cloudType=Consumer;environment=Prod_southeastasia_prod-s01-064-apac-southeastasia;migrationStage=NotStarted}
{"logTime": "0223/121825", "correlationVector":"lk0Dwm5JGFU0sQX+LD+ADQ","action":"Commit Request", "result":"", "context":Item count: 10
Contributing types: Sessions, History}
{"logTime": "0223/121826", "correlationVector":"lk0Dwm5JGFU0sQX+LD+ADQ.1","action":"SyncServerConnectionManagerRequest", "result":"SYNC_SERVER_OK", "context":{"environment":"Prod_southeastasia_prod-s01-064-apac-southeastasia", "migrationStage":"NotStarted", "server":"akswtt111000017"}}
{"logTime": "0223/121826", "correlationVector":"lk0Dwm5JGFU0sQX+LD+ADQ.2","action":"Commit Response", "result":"Success", "context":Result: Success. cV=lk0Dwm5JGFU0sQX+LD+ADQ.0;server=akswtt111000017;cloudType=Consumer;environment=Prod_southeastasia_prod-s01-064-apac-southeastasia;migrationStage=NotStarted}
{"logTime": "0223/121926", "correlationVector":"p1tvtG1XFK0j3xZsV7fbZk","action":"Commit Request", "result":"", "context":Item count: 5
Contributing types: Sessions, History}
{"logTime": "0223/121928", "correlationVector":"p1tvtG1XFK0j3xZsV7fbZk.1","action":"SyncServerConnectionManagerRequest", "result":"SYNC_SERVER_OK", "context":{"environment":"Prod_southeastasia_prod-s01-065-apac-southeastasia", "migrationStage":"NotStarted", "server":"akswtt11100001r"}}
{"logTime": "0223/121928", "correlationVector":"p1tvtG1XFK0j3xZsV7fbZk.2","action":"Commit Response", "result":"Success", "context":Result: Success. cV=p1tvtG1XFK0j3xZsV7fbZk.0;server=akswtt11100001r;cloudType=Consumer;environment=Prod_southeastasia_prod-s01-065-apac-southeastasia;migrationStage=NotStarted}
