2026-02-23 09:05:17.336: [INFO][Sync] Reset engine, reason: 8
2026-02-23 09:05:17.336: [INFO][Sync] Stopped: Bookmarks
2026-02-23 09:05:17.336: [INFO][Sync] Stopped: Preferences
2026-02-23 09:05:17.336: [INFO][Sync] Stopped: Passwords
2026-02-23 09:05:17.336: [INFO][Sync] Stopped: Autofill Profiles
2026-02-23 09:05:17.336: [INFO][Sync] Stopped: Autofill
2026-02-23 09:05:17.336: [INFO][Sync] Stopped: Extensions
2026-02-23 09:05:17.336: [INFO][Sync] Stopped: Sessions
2026-02-23 09:05:17.336: [INFO][Sync] Stopped: Extension settings
2026-02-23 09:05:17.336: [INFO][Sync] Stopped: History Delete Directives
2026-02-23 09:05:17.336: [INFO][Sync] Stopped: Device Info
2026-02-23 09:05:17.336: [INFO][Sync] Stopped: User Consents
2026-02-23 09:05:17.336: [INFO][Sync] Stopped: Send Tab To Self
2026-02-23 09:05:17.336: [INFO][Sync] Stopped: Web Apps
2026-02-23 09:05:17.336: [INFO][Sync] Stopped: History
2026-02-23 09:05:17.336: [INFO][Sync] Stopped: Saved Tab Group
2026-02-23 09:05:17.336: [INFO][Sync] Stopped: WebAuthn Credentials
2026-02-23 09:05:17.336: [INFO][Sync] Stopped: Collection
2026-02-23 09:05:17.336: [INFO][Sync] Stopped: Edge E Drop
2026-02-23 09:05:17.336: [INFO][Sync] Stopped: Edge Hub App Usage
2026-02-23 09:05:17.336: [INFO][Sync] Stopped: Edge Wallet
2026-02-23 09:05:17.336: [INFO][Sync] Stopped: Edge Workspace
2026-02-23 09:05:17.336: [INFO][Sync] SyncState after authenticated was: NotSignedIn
2026-02-23 09:05:17.635: [INFO][Sync] Reset engine, reason: 8
2026-02-23 09:05:17.635: [INFO][Sync] Stopped: Bookmarks
2026-02-23 09:05:17.635: [INFO][Sync] Stopped: Preferences
2026-02-23 09:05:17.635: [INFO][Sync] Stopped: Passwords
2026-02-23 09:05:17.635: [INFO][Sync] Stopped: Autofill Profiles
2026-02-23 09:05:17.635: [INFO][Sync] Stopped: Autofill
2026-02-23 09:05:17.635: [INFO][Sync] Stopped: Extensions
2026-02-23 09:05:17.635: [INFO][Sync] Stopped: Sessions
2026-02-23 09:05:17.635: [INFO][Sync] Stopped: Extension settings
2026-02-23 09:05:17.635: [INFO][Sync] Stopped: History Delete Directives
2026-02-23 09:05:17.635: [INFO][Sync] Stopped: Device Info
2026-02-23 09:05:17.635: [INFO][Sync] Stopped: User Consents
2026-02-23 09:05:17.635: [INFO][Sync] Stopped: Send Tab To Self
2026-02-23 09:05:17.635: [INFO][Sync] Stopped: Web Apps
2026-02-23 09:05:17.635: [INFO][Sync] Stopped: History
2026-02-23 09:05:17.635: [INFO][Sync] Stopped: Saved Tab Group
2026-02-23 09:05:17.635: [INFO][Sync] Stopped: WebAuthn Credentials
2026-02-23 09:05:17.635: [INFO][Sync] Stopped: Collection
2026-02-23 09:05:17.635: [INFO][Sync] Stopped: Edge E Drop
2026-02-23 09:05:17.635: [INFO][Sync] Stopped: Edge Hub App Usage
2026-02-23 09:05:17.635: [INFO][Sync] Stopped: Edge Wallet
2026-02-23 09:05:17.635: [INFO][Sync] Stopped: Edge Workspace
2026-02-23 09:05:52.971: [INFO][Sync] Try to start sync engine
2026-02-23 09:05:52.971: [INFO][SyncManagerImpl::NudgeForInitialDownload] Initial download nudge for Encryption Keys
2026-02-23 09:05:52.971: [INFO][SyncEngineBackend::LoadAndConnectNigoriController] Load and connect Nigori controller
2026-02-23 09:05:52.971: [INFO][SyncEngineBackend::DoInitialize] Control Types added: Encryption Keys
2026-02-23 09:05:52.971: [INFO][SyncManagerImpl::ConfigureSyncer] Types to download: Encryption Keys with reason: 3
2026-02-23 09:05:52.971: [INFO][SyncSchedulerImpl::DoConfigurationSyncCycleJob] Configure job was blocked
2026-02-23 09:05:52.980: [INFO][SyncAuthManager::SetLastAuthError] Current auth error: None
2026-02-23 09:05:52.980: [INFO][SyncAuthManager::EdgeLogTokenErrorState] Token error with: None for account type: MSA
2026-02-23 09:05:52.980: [INFO][Sync] Credentials changed for: EdgeSyncScopeNew
2026-02-23 09:06:12.397: [INFO][SyncAuthManager::EdgeLogTokenErrorState] Token error with: EDGE_AUTH_ERROR: 3, 25, a2b for account type: MSA
2026-02-23 09:06:12.397: [INFO][Sync] Credentials changed for: EdgeSyncKeyDataScope
2026-02-23 09:06:12.397: [INFO][SyncEngineBackend::DoUpdateCredentials] Update credentials
2026-02-23 09:06:12.397: [INFO][SyncSchedulerImpl::DoConfigurationSyncCycleJob] Blocked types:  and types to download: Encryption Keys
2026-02-23 09:06:13.521: [INFO][Sync] Started DataTypeManager configuration, reason: 4
2026-02-23 09:06:13.521: [INFO][Sync] Configuring for: Bookmarks, Preferences, Passwords, Autofill Profiles, Autofill, Extensions, Sessions, Extension settings, History Delete Directives, Device Info, User Consents, Send Tab To Self, Web Apps, History, Saved Tab Group, WebAuthn Credentials, Collection, Edge E Drop, Edge Hub App Usage, Edge Wallet, Edge Workspace, Encryption Keys, reason: 3, current state: 0
2026-02-23 09:06:13.521: [WARN][Sync] Crypto error data types: Passwords, Autofill Profiles, Autofill
2026-02-23 09:06:13.521: [INFO][SyncEngineBackend::DoStartConfiguration] Start configuration
2026-02-23 09:06:13.523: [INFO][Sync] Configure, desired: Bookmarks, Preferences, Extensions, Sessions, Extension settings, History Delete Directives, Device Info, User Consents, Send Tab To Self, Web Apps, History, Saved Tab Group, WebAuthn Credentials, Collection, Edge E Drop, Edge Hub App Usage, Edge Wallet, Edge Workspace, Encryption Keys; Allow fail: Passwords, Autofill Profiles, Autofill
2026-02-23 09:06:13.523: [INFO][Sync] Loading: Bookmarks
2026-02-23 09:06:13.523: [INFO][Sync] Loading: Preferences
2026-02-23 09:06:13.523: [INFO][Sync] Loading: Extensions
2026-02-23 09:06:13.523: [INFO][Sync] Loading: Sessions
2026-02-23 09:06:13.523: [INFO][Sync] Loading: Extension settings
2026-02-23 09:06:13.523: [INFO][Sync] Loading: History Delete Directives
2026-02-23 09:06:13.523: [INFO][Sync] Loading: Device Info
2026-02-23 09:06:13.523: [INFO][Sync] Loading: User Consents
2026-02-23 09:06:13.523: [INFO][Sync] Loading: Send Tab To Self
2026-02-23 09:06:13.523: [INFO][Sync] Loading: Web Apps
2026-02-23 09:06:13.523: [INFO][Sync] Loading: History
2026-02-23 09:06:13.523: [INFO][Sync] Loading: Saved Tab Group
2026-02-23 09:06:13.523: [INFO][Sync] Loading: WebAuthn Credentials
2026-02-23 09:06:13.523: [INFO][Sync] Loading: Collection
2026-02-23 09:06:13.523: [INFO][Sync] Loading: Edge E Drop
2026-02-23 09:06:13.523: [INFO][Sync] Loading: Edge Hub App Usage
2026-02-23 09:06:13.523: [INFO][Sync] Loading: Edge Wallet
2026-02-23 09:06:13.523: [INFO][Sync] Loading: Edge Workspace
2026-02-23 09:06:13.534: [INFO][Sync] All data types are ready for configure.
2026-02-23 09:06:13.534: [INFO][SyncManagerImpl::NudgeForInitialDownload] Initial download nudge for Bookmarks
2026-02-23 09:06:13.534: [INFO][SyncManagerImpl::NudgeForInitialDownload] Initial download nudge for Preferences
2026-02-23 09:06:13.534: [INFO][SyncManagerImpl::NudgeForInitialDownload] Initial download nudge for Extensions
2026-02-23 09:06:13.534: [INFO][SyncManagerImpl::NudgeForInitialDownload] Initial download nudge for Sessions
2026-02-23 09:06:13.534: [INFO][SyncManagerImpl::NudgeForInitialDownload] Initial download nudge for Extension settings
2026-02-23 09:06:13.534: [INFO][SyncManagerImpl::NudgeForInitialDownload] Initial download nudge for History Delete Directives
2026-02-23 09:06:13.534: [INFO][SyncManagerImpl::NudgeForInitialDownload] Initial download nudge for Device Info
2026-02-23 09:06:13.534: [INFO][SyncManagerImpl::NudgeForInitialDownload] Initial download nudge for Send Tab To Self
2026-02-23 09:06:13.534: [INFO][SyncManagerImpl::NudgeForInitialDownload] Initial download nudge for Web Apps
2026-02-23 09:06:13.534: [INFO][SyncManagerImpl::NudgeForInitialDownload] Initial download nudge for History
2026-02-23 09:06:13.534: [INFO][SyncManagerImpl::NudgeForInitialDownload] Initial download nudge for Saved Tab Group
2026-02-23 09:06:13.534: [INFO][SyncManagerImpl::NudgeForInitialDownload] Initial download nudge for WebAuthn Credentials
2026-02-23 09:06:13.534: [INFO][SyncManagerImpl::NudgeForInitialDownload] Initial download nudge for Collection
2026-02-23 09:06:13.534: [INFO][SyncManagerImpl::NudgeForInitialDownload] Initial download nudge for Edge E Drop
2026-02-23 09:06:13.534: [INFO][SyncManagerImpl::NudgeForInitialDownload] Initial download nudge for Edge Hub App Usage
2026-02-23 09:06:13.535: [INFO][SyncManagerImpl::NudgeForInitialDownload] Initial download nudge for Edge Wallet
2026-02-23 09:06:13.535: [INFO][SyncManagerImpl::NudgeForInitialDownload] Initial download nudge for Edge Workspace
2026-02-23 09:06:13.535: [INFO][SyncManagerImpl::ConfigureSyncer] Types to download:  with reason: 3
2026-02-23 09:06:13.535: [INFO][SyncEngineBackend::DoFinishConfigureDataTypes] Failed to download types:  and succeeded types: 
2026-02-23 09:06:13.535: [INFO][Sync] ConfigurationDone, failed: , succeeded: , remaining count: 4
2026-02-23 09:06:13.535: [INFO][Sync] Prepare to configure types: Preferences, Device Info, Send Tab To Self, Edge E Drop, Encryption Keys
2026-02-23 09:06:13.535: [INFO][SyncManagerImpl::ConfigureSyncer] Types to download: Preferences, Device Info, Send Tab To Self, Edge E Drop, Encryption Keys with reason: 3
2026-02-23 09:06:13.535: [INFO][SyncSchedulerImpl::DoConfigurationSyncCycleJob] Blocked types:  and types to download: Preferences, Device Info, Send Tab To Self, Edge E Drop, Encryption Keys
2026-02-23 09:06:14.937: [INFO][SyncEngineBackend::DoFinishConfigureDataTypes] Failed to download types:  and succeeded types: Preferences, Device Info, Send Tab To Self, Edge E Drop, Encryption Keys
2026-02-23 09:06:14.939: [INFO][Sync] ConfigurationDone, failed: , succeeded: Preferences, Device Info, Send Tab To Self, Edge E Drop, Encryption Keys, remaining count: 3
2026-02-23 09:06:14.939: [INFO][Sync] Prepare to configure types: Bookmarks, Encryption Keys
2026-02-23 09:06:14.939: [INFO][SyncManagerImpl::ConfigureSyncer] Types to download: Bookmarks, Encryption Keys with reason: 3
2026-02-23 09:06:14.939: [INFO][SyncSchedulerImpl::DoConfigurationSyncCycleJob] Blocked types:  and types to download: Bookmarks, Encryption Keys
2026-02-23 09:06:16.309: [INFO][SyncEngineBackend::DoFinishConfigureDataTypes] Failed to download types:  and succeeded types: Bookmarks, Encryption Keys
2026-02-23 09:06:16.319: [INFO][Sync] ConfigurationDone, failed: , succeeded: Bookmarks, Encryption Keys, remaining count: 2
2026-02-23 09:06:16.319: [INFO][Sync] Prepare to configure types: Extensions, Sessions, Extension settings, History Delete Directives, Web Apps, Saved Tab Group, WebAuthn Credentials, Collection, Edge Hub App Usage, Edge Wallet, Edge Workspace, Encryption Keys
2026-02-23 09:06:16.319: [INFO][SyncManagerImpl::ConfigureSyncer] Types to download: Extensions, Sessions, Extension settings, History Delete Directives, Web Apps, Saved Tab Group, WebAuthn Credentials, Collection, Edge Hub App Usage, Edge Wallet, Edge Workspace, Encryption Keys with reason: 3
2026-02-23 09:06:16.319: [INFO][SyncSchedulerImpl::DoConfigurationSyncCycleJob] Blocked types:  and types to download: Extensions, Sessions, Extension settings, History Delete Directives, Web Apps, Saved Tab Group, WebAuthn Credentials, Collection, Edge Hub App Usage, Edge Wallet, Edge Workspace, Encryption Keys
2026-02-23 09:06:29.157: [INFO][SyncEngineBackend::DoFinishConfigureDataTypes] Failed to download types:  and succeeded types: Extensions, Sessions, Extension settings, History Delete Directives, Web Apps, Saved Tab Group, WebAuthn Credentials, Collection, Edge Hub App Usage, Edge Wallet, Edge Workspace, Encryption Keys
2026-02-23 09:06:29.160: [INFO][Sync] ConfigurationDone, failed: , succeeded: Extensions, Sessions, Extension settings, History Delete Directives, Web Apps, Saved Tab Group, WebAuthn Credentials, Collection, Edge Hub App Usage, Edge Wallet, Edge Workspace, Encryption Keys, remaining count: 1
2026-02-23 09:06:29.162: [INFO][Sync] Prepare to configure types: History, Encryption Keys
2026-02-23 09:06:29.163: [INFO][SyncManagerImpl::ConfigureSyncer] Types to download: History, Encryption Keys with reason: 3
2026-02-23 09:06:29.163: [INFO][SyncSchedulerImpl::DoConfigurationSyncCycleJob] Blocked types:  and types to download: History, Encryption Keys
2026-02-23 09:06:31.864: [INFO][SyncAuthManager::EdgeLogTokenErrorState] Token error with: EDGE_AUTH_ERROR: 3, 25, a2b for account type: MSA
2026-02-23 09:06:31.864: [INFO][Sync] Credentials changed for: EdgeSyncKeyDataScope
2026-02-23 09:06:32.808: [INFO][SyncAuthManager::SetLastAuthError] Current auth error: None
2026-02-23 09:06:32.808: [INFO][SyncAuthManager::EdgeLogTokenErrorState] Token error with: None for account type: MSA
2026-02-23 09:06:32.808: [INFO][Sync] Credentials changed for: EdgeSyncKeyDataScope
2026-02-23 09:07:31.949: [INFO][SyncEngineBackend::DoFinishConfigureDataTypes] Failed to download types:  and succeeded types: History, Encryption Keys
2026-02-23 09:07:31.949: [INFO][SyncEngineBackend::DoUpdateKeyDataCredentials] Update key data credentials
2026-02-23 09:07:31.951: [INFO][Sync] ConfigurationDone, failed: , succeeded: History, Encryption Keys, remaining count: 0
2026-02-23 09:07:31.952: [INFO][Sync]     Configuration completed, state: 3
2026-02-23 09:07:31.952: [INFO][Sync] Configured DataTypeManager: Ok
2026-02-23 09:07:31.954: [INFO][SyncEngineBackend::DoStartSyncing] Start syncing
2026-02-23 09:07:40.808: [INFO][Sync] Started DataTypeManager configuration, reason: 5
2026-02-23 09:07:40.808: [INFO][Sync] Configuring for: Bookmarks, Preferences, Passwords, Autofill Profiles, Autofill, Extensions, Sessions, Extension settings, History Delete Directives, Device Info, User Consents, Send Tab To Self, Web Apps, History, Saved Tab Group, WebAuthn Credentials, Collection, Edge E Drop, Edge Hub App Usage, Edge Wallet, Edge Workspace, Encryption Keys, reason: 5, current state: 3
2026-02-23 09:07:40.808: [INFO][SyncEngineBackend::DoStartConfiguration] Start configuration
2026-02-23 09:07:40.809: [INFO][Sync] Configure, desired: Bookmarks, Preferences, Passwords, Autofill Profiles, Autofill, Extensions, Sessions, Extension settings, History Delete Directives, Device Info, User Consents, Send Tab To Self, Web Apps, History, Saved Tab Group, WebAuthn Credentials, Collection, Edge E Drop, Edge Hub App Usage, Edge Wallet, Edge Workspace, Encryption Keys; Allow fail: 
2026-02-23 09:07:40.809: [INFO][Sync] Loading: Passwords
2026-02-23 09:07:40.809: [INFO][Sync] Loading: Autofill Profiles
2026-02-23 09:07:40.809: [INFO][Sync] Loading: Autofill
2026-02-23 09:07:40.812: [INFO][Sync] All data types are ready for configure.
2026-02-23 09:07:40.812: [INFO][SyncManagerImpl::NudgeForInitialDownload] Initial download nudge for Passwords
2026-02-23 09:07:40.812: [INFO][SyncManagerImpl::NudgeForInitialDownload] Initial download nudge for Autofill Profiles
2026-02-23 09:07:40.812: [INFO][SyncManagerImpl::NudgeForInitialDownload] Initial download nudge for Autofill
2026-02-23 09:07:40.812: [INFO][SyncManagerImpl::ConfigureSyncer] Types to download:  with reason: 5
2026-02-23 09:07:40.812: [INFO][SyncEngineBackend::DoFinishConfigureDataTypes] Failed to download types:  and succeeded types: 
2026-02-23 09:07:40.814: [INFO][Sync] ConfigurationDone, failed: , succeeded: , remaining count: 4
2026-02-23 09:07:40.814: [INFO][Sync] Prepare to configure types: Passwords, Encryption Keys
2026-02-23 09:07:40.815: [INFO][SyncManagerImpl::ConfigureSyncer] Types to download: Passwords, Encryption Keys with reason: 5
2026-02-23 09:07:40.815: [INFO][SyncSchedulerImpl::DoConfigurationSyncCycleJob] Blocked types:  and types to download: Passwords, Encryption Keys
2026-02-23 09:07:41.698: [INFO][SyncEngineBackend::DoFinishConfigureDataTypes] Failed to download types:  and succeeded types: Passwords, Encryption Keys
2026-02-23 09:07:41.700: [INFO][Sync] ConfigurationDone, failed: , succeeded: Passwords, Encryption Keys, remaining count: 3
2026-02-23 09:07:41.700: [INFO][SyncManagerImpl::ConfigureSyncer] Types to download:  with reason: 5
2026-02-23 09:07:41.700: [INFO][SyncEngineBackend::DoFinishConfigureDataTypes] Failed to download types:  and succeeded types: 
2026-02-23 09:07:41.700: [INFO][Sync] ConfigurationDone, failed: , succeeded: , remaining count: 2
2026-02-23 09:07:41.700: [INFO][Sync] Prepare to configure types: Autofill Profiles, Autofill, Encryption Keys
2026-02-23 09:07:41.700: [INFO][SyncManagerImpl::ConfigureSyncer] Types to download: Autofill Profiles, Autofill, Encryption Keys with reason: 5
2026-02-23 09:07:41.700: [INFO][SyncSchedulerImpl::DoConfigurationSyncCycleJob] Blocked types:  and types to download: Autofill Profiles, Autofill, Encryption Keys
2026-02-23 09:07:45.998: [INFO][SyncEngineBackend::DoFinishConfigureDataTypes] Failed to download types:  and succeeded types: Autofill Profiles, Autofill, Encryption Keys
2026-02-23 09:07:46.001: [INFO][Sync] ConfigurationDone, failed: , succeeded: Autofill Profiles, Autofill, Encryption Keys, remaining count: 1
2026-02-23 09:07:46.003: [INFO][SyncManagerImpl::ConfigureSyncer] Types to download:  with reason: 5
2026-02-23 09:07:46.003: [INFO][SyncEngineBackend::DoFinishConfigureDataTypes] Failed to download types:  and succeeded types: 
2026-02-23 09:07:46.003: [INFO][Sync] ConfigurationDone, failed: , succeeded: , remaining count: 0
2026-02-23 09:07:46.005: [INFO][Sync]     Configuration completed, state: 3
2026-02-23 09:07:46.005: [INFO][Sync] Configured DataTypeManager: Ok
2026-02-23 09:07:46.007: [INFO][SyncEngineBackend::DoStartSyncing] Start syncing
2026-02-23 10:24:26.932: [INFO][SyncSchedulerImpl::OnSyncNetworkError] Syncer error: HTTP error (401)
2026-02-23 10:24:26.932: [INFO][Commit::ReportFullCommitFailure] Commit Sessions failed with error: AuthError
2026-02-23 10:24:26.932: [INFO][SyncSchedulerImpl::DoNudgeSyncCycleJob] Syncer error: HTTP error (401)
2026-02-23 10:24:26.937: [INFO][Sync] Connection status changed to: 2
2026-02-23 10:24:26.940: [WARN][Sync] NetworkError: HTTP error (401)
2026-02-23 10:24:26.951: [INFO][SyncAuthManager::SetLastAuthError] Current auth error: None
2026-02-23 10:24:26.951: [INFO][SyncAuthManager::EdgeLogTokenErrorState] Token error with: None for account type: MSA
2026-02-23 10:24:26.951: [INFO][Sync] Credentials changed for: EdgeSyncScopeNew
2026-02-23 10:24:28.475: [INFO][SyncAuthManager::SetLastAuthError] Current auth error: None
2026-02-23 10:24:28.475: [INFO][SyncAuthManager::EdgeLogTokenErrorState] Token error with: None for account type: MSA
2026-02-23 10:24:28.475: [INFO][Sync] Credentials changed for: EdgeSyncKeyDataScope
2026-02-23 10:24:28.475: [INFO][SyncEngineBackend::DoUpdateKeyDataCredentials] Update key data credentials
2026-02-23 10:24:28.475: [INFO][SyncEngineBackend::DoUpdateCredentials] Update credentials
2026-02-23 12:29:34.694: [INFO][Sync] Reset engine, reason: 0
2026-02-23 12:29:34.694: [INFO][Sync] Reset engine with reason: 0
